[INFO] 29-07-2024 17:24:49 [main] [LogUtils] - Loaded file: D:\Zapta\Automation\Mawad\src/test/resources/config/datatest.properties
[INFO] 29-07-2024 17:24:49 [main] [LogUtils] - Loaded file: D:\Zapta\Automation\Mawad\src/test/resources/config/config.properties
[INFO] 29-07-2024 17:24:49 [main] [LogUtils] - Loaded all properties files.
[INFO] 29-07-2024 17:24:49 [main] [LogUtils] - Starting Suite: All Test Cases
[INFO] 29-07-2024 17:24:50 [main] [LogUtils] - Driver was null
[INFO] 29-07-2024 17:24:56 [main] [LogUtils] - Driver is Just Initialized
[ERROR] 29-07-2024 17:24:56 [main] [LogUtils] - driver value: ChromeDriver: chrome on windows (38b66dc370682b54417bfc121e68c8ae)
[INFO] 29-07-2024 17:24:56 [main] [LogUtils] - Loaded file: D:\Zapta\Automation\Mawad\src/test/resources/config/datatest.properties
[INFO] 29-07-2024 17:24:56 [main] [LogUtils] - Loaded file: D:\Zapta\Automation\Mawad\src/test/resources/config/config.properties
[INFO] 29-07-2024 17:24:56 [main] [LogUtils] - Loaded all properties files.
[INFO] 29-07-2024 17:24:56 [main] [LogUtils] - Test case:  is starting...
[INFO] 29-07-2024 17:25:39 [main] [LogUtils] - Verify element visible By.xpath: //a[text()='Become a Vendor !']
[INFO] 29-07-2024 17:25:50 [main] [LogUtils] - Test case:  is passed.
[INFO] 29-07-2024 17:25:50 [main] [LogUtils] - Test case:  is starting...
[INFO] 29-07-2024 17:25:50 [main] [LogUtils] - Javascript in NOT Ready!
[INFO] 29-07-2024 17:25:57 [main] [LogUtils] - Verify element visible By.xpath: //button[text()='Register your eShop']
[INFO] 29-07-2024 17:25:57 [main] [LogUtils] - Clicked on the element By.xpath: //button[text()='Register your eShop']
[INFO] 29-07-2024 17:25:58 [main] [LogUtils] - Verify element visible By.xpath: //button[@type="submit"][text()="OK"]
[INFO] 29-07-2024 17:26:15 [main] [LogUtils] - Clicked on the element By.xpath: //button[@type="submit"][text()="OK"]
[INFO] 29-07-2024 17:26:15 [main] [LogUtils] - Test case:  is passed.
[INFO] 29-07-2024 17:26:15 [main] [LogUtils] - End Suite: All Test Cases
[INFO] 29-07-2024 17:45:50 [main] [LogUtils] - Loaded file: D:\Zapta\Automation\Mawad\src/test/resources/config/datatest.properties
[INFO] 29-07-2024 17:45:50 [main] [LogUtils] - Loaded file: D:\Zapta\Automation\Mawad\src/test/resources/config/config.properties
[INFO] 29-07-2024 17:45:50 [main] [LogUtils] - Loaded all properties files.
[INFO] 29-07-2024 17:45:51 [main] [LogUtils] - Starting Suite: All Test Cases
[INFO] 29-07-2024 17:45:51 [main] [LogUtils] - Driver was null
[INFO] 29-07-2024 17:45:54 [main] [LogUtils] - Driver is Just Initialized
[ERROR] 29-07-2024 17:45:54 [main] [LogUtils] - driver value: ChromeDriver: chrome on windows (844b90f8a50bd3eff5433d358d7470cf)
[INFO] 29-07-2024 17:45:54 [main] [LogUtils] - Loaded file: D:\Zapta\Automation\Mawad\src/test/resources/config/datatest.properties
[INFO] 29-07-2024 17:45:54 [main] [LogUtils] - Loaded file: D:\Zapta\Automation\Mawad\src/test/resources/config/config.properties
[INFO] 29-07-2024 17:45:54 [main] [LogUtils] - Loaded all properties files.
[INFO] 29-07-2024 17:45:54 [main] [LogUtils] - Loaded file: D:\Zapta\Automation\Mawad\src/test/resources/config/datatest.properties
[INFO] 29-07-2024 17:45:54 [main] [LogUtils] - Loaded file: D:\Zapta\Automation\Mawad\src/test/resources/config/config.properties
[INFO] 29-07-2024 17:45:54 [main] [LogUtils] - Loaded all properties files.
[INFO] 29-07-2024 17:45:54 [main] [LogUtils] - Excel Path: D:\Zapta\Automation\Mawad\src/test/resources/testdata/ClientsDataExcel.xlsx
[INFO] 29-07-2024 17:45:56 [main] [LogUtils] - Row: 17 - Column: 10
[INFO] 29-07-2024 17:45:56 [main] [LogUtils] - StartRow: 1 - EndRow: 1
[INFO] 29-07-2024 17:45:56 [main] [LogUtils] - Test case:  is starting...
[ERROR] 29-07-2024 17:46:07 [main] [LogUtils] - Element not exist. By.cssSelector: #first_name
[WARN] 29-07-2024 17:46:07 [main] [LogUtils] - Test case:  is skipped.
[INFO] 29-07-2024 17:46:17 [main] [LogUtils] - Driver for Screenshot: ChromeDriver: chrome on windows (844b90f8a50bd3eff5433d358d7470cf)
[INFO] 29-07-2024 17:46:17 [main] [LogUtils] - Screenshot taken: addVendorBusinessInformation
[INFO] 29-07-2024 17:46:17 [main] [LogUtils] - Screenshot taken current URL: data:,
[ERROR] 29-07-2024 17:46:17 [main] [LogUtils] - FAILED !! Screenshot for test case: addVendorBusinessInformation
[ERROR] 29-07-2024 17:46:17 [main] [LogUtils] - java.lang.AssertionError: Element not exist. By.cssSelector: #first_name
[INFO] 29-07-2024 17:46:18 [main] [LogUtils] - Test case:  is starting...
[ERROR] 29-07-2024 17:46:28 [main] [LogUtils] - Element not exist. By.cssSelector: #first_name
[ERROR] 29-07-2024 17:46:28 [main] [LogUtils] - Test case:  is failed.
[INFO] 29-07-2024 17:46:28 [main] [LogUtils] - Driver for Screenshot: ChromeDriver: chrome on windows (844b90f8a50bd3eff5433d358d7470cf)
[INFO] 29-07-2024 17:46:28 [main] [LogUtils] - Screenshot taken: addVendorBusinessInformation
[INFO] 29-07-2024 17:46:28 [main] [LogUtils] - Screenshot taken current URL: data:,
[ERROR] 29-07-2024 17:46:39 [main] [LogUtils] - FAILED !! Screenshot for test case: addVendorBusinessInformation
[ERROR] 29-07-2024 17:46:39 [main] [LogUtils] - java.lang.AssertionError: Element not exist. By.cssSelector: #first_name
[INFO] 29-07-2024 17:46:39 [main] [LogUtils] - Test case:  is starting...
[INFO] 29-07-2024 17:48:46 [main] [LogUtils] - Verify element visible By.xpath: //a[text()='Become a Vendor !']
[INFO] 29-07-2024 17:48:49 [main] [LogUtils] - Clicked on the element By.xpath: //a[text()='Become a Vendor !']
[INFO] 29-07-2024 17:48:49 [main] [LogUtils] - Test case:  is passed.
[INFO] 29-07-2024 17:48:49 [main] [LogUtils] - Test case:  is starting...
[INFO] 29-07-2024 17:48:49 [main] [LogUtils] - Javascript in NOT Ready!
[INFO] 29-07-2024 17:48:51 [main] [LogUtils] - Verify element visible By.xpath: //button[text()='Register your eShop']
[INFO] 29-07-2024 17:48:51 [main] [LogUtils] - Clicked on the element By.xpath: //button[text()='Register your eShop']
[INFO] 29-07-2024 17:48:52 [main] [LogUtils] - Verify element visible By.xpath: //button[@type="submit"][text()="OK"]
[INFO] 29-07-2024 17:48:56 [main] [LogUtils] - Clicked on the element By.xpath: //button[@type="submit"][text()="OK"]
[INFO] 29-07-2024 17:48:56 [main] [LogUtils] - Test case:  is passed.
[INFO] 29-07-2024 17:48:56 [main] [LogUtils] - End Suite: All Test Cases
[INFO] 29-07-2024 17:50:34 [main] [LogUtils] - Loaded file: D:\Zapta\Automation\Mawad\src/test/resources/config/datatest.properties
[INFO] 29-07-2024 17:50:34 [main] [LogUtils] - Loaded file: D:\Zapta\Automation\Mawad\src/test/resources/config/config.properties
[INFO] 29-07-2024 17:50:34 [main] [LogUtils] - Loaded all properties files.
[INFO] 29-07-2024 17:50:34 [main] [LogUtils] - Starting Suite: All Test Cases
[INFO] 29-07-2024 17:50:35 [main] [LogUtils] - Driver was null
[INFO] 29-07-2024 17:50:38 [main] [LogUtils] - Driver is Just Initialized
[ERROR] 29-07-2024 17:50:38 [main] [LogUtils] - driver value: ChromeDriver: chrome on windows (558c06a33ba1020e0b6854067b133e34)
[INFO] 29-07-2024 17:50:38 [main] [LogUtils] - Loaded file: D:\Zapta\Automation\Mawad\src/test/resources/config/datatest.properties
[INFO] 29-07-2024 17:50:38 [main] [LogUtils] - Loaded file: D:\Zapta\Automation\Mawad\src/test/resources/config/config.properties
[INFO] 29-07-2024 17:50:38 [main] [LogUtils] - Loaded all properties files.
[INFO] 29-07-2024 17:50:38 [main] [LogUtils] - Test case:  is starting...
[INFO] 29-07-2024 17:50:47 [main] [LogUtils] - Verify element visible By.xpath: //a[text()='Become a Vendor !']
[INFO] 29-07-2024 17:50:48 [main] [LogUtils] - Clicked on the element By.xpath: //a[text()='Become a Vendor !']
[INFO] 29-07-2024 17:50:48 [main] [LogUtils] - Test case:  is passed.
[INFO] 29-07-2024 17:50:49 [main] [LogUtils] - Test case:  is starting...
[INFO] 29-07-2024 17:50:49 [main] [LogUtils] - Javascript in NOT Ready!
[INFO] 29-07-2024 17:50:50 [main] [LogUtils] - Verify element visible By.xpath: //button[text()='Register your eShop']
[INFO] 29-07-2024 17:50:50 [main] [LogUtils] - Clicked on the element By.xpath: //button[text()='Register your eShop']
[INFO] 29-07-2024 17:50:50 [main] [LogUtils] - Verify element visible By.xpath: //button[@type="submit"][text()="OK"]
[INFO] 29-07-2024 17:50:52 [main] [LogUtils] - Clicked on the element By.xpath: //button[@type="submit"][text()="OK"]
[INFO] 29-07-2024 17:50:52 [main] [LogUtils] - Test case:  is passed.
[INFO] 29-07-2024 17:50:52 [main] [LogUtils] - Loaded file: D:\Zapta\Automation\Mawad\src/test/resources/config/datatest.properties
[INFO] 29-07-2024 17:50:52 [main] [LogUtils] - Loaded file: D:\Zapta\Automation\Mawad\src/test/resources/config/config.properties
[INFO] 29-07-2024 17:50:52 [main] [LogUtils] - Loaded all properties files.
[INFO] 29-07-2024 17:50:52 [main] [LogUtils] - Excel Path: D:\Zapta\Automation\Mawad\src/test/resources/testdata/ClientsDataExcel.xlsx
[INFO] 29-07-2024 17:50:53 [main] [LogUtils] - Row: 17 - Column: 10
[INFO] 29-07-2024 17:50:53 [main] [LogUtils] - StartRow: 1 - EndRow: 1
[INFO] 29-07-2024 17:50:53 [main] [LogUtils] - Test case:  is starting...
[INFO] 29-07-2024 17:50:53 [main] [LogUtils] - Verify element visible By.cssSelector: #first_name
[INFO] 29-07-2024 17:50:53 [main] [LogUtils] - Set text John on By.cssSelector: #first_name
[INFO] 29-07-2024 17:50:53 [main] [LogUtils] - Test case:  is passed.
[INFO] 29-07-2024 17:50:54 [main] [LogUtils] - End Suite: All Test Cases
[INFO] 29-07-2024 17:54:47 [main] [LogUtils] - Loaded file: D:\Zapta\Automation\Mawad\src/test/resources/config/datatest.properties
[INFO] 29-07-2024 17:54:47 [main] [LogUtils] - Loaded file: D:\Zapta\Automation\Mawad\src/test/resources/config/config.properties
[INFO] 29-07-2024 17:54:47 [main] [LogUtils] - Loaded all properties files.
[INFO] 29-07-2024 17:54:48 [main] [LogUtils] - Starting Suite: All Test Cases
[INFO] 29-07-2024 17:54:48 [main] [LogUtils] - Driver was null
[INFO] 29-07-2024 17:54:52 [main] [LogUtils] - Driver is Just Initialized
[ERROR] 29-07-2024 17:54:52 [main] [LogUtils] - driver value: ChromeDriver: chrome on windows (c47ad0759079d747c6507ad4ad7a610e)
[INFO] 29-07-2024 17:54:52 [main] [LogUtils] - Loaded file: D:\Zapta\Automation\Mawad\src/test/resources/config/datatest.properties
[INFO] 29-07-2024 17:54:52 [main] [LogUtils] - Loaded file: D:\Zapta\Automation\Mawad\src/test/resources/config/config.properties
[INFO] 29-07-2024 17:54:52 [main] [LogUtils] - Loaded all properties files.
[INFO] 29-07-2024 17:54:52 [main] [LogUtils] - Test case:  is starting...
[INFO] 29-07-2024 17:54:57 [main] [LogUtils] - Verify element visible By.xpath: //a[text()='Become a Vendor !']
[INFO] 29-07-2024 17:55:01 [main] [LogUtils] - Clicked on the element By.xpath: //a[text()='Become a Vendor !']
[INFO] 29-07-2024 17:55:01 [main] [LogUtils] - Test case:  is passed.
[INFO] 29-07-2024 17:55:01 [main] [LogUtils] - Test case:  is starting...
[INFO] 29-07-2024 17:55:01 [main] [LogUtils] - Javascript in NOT Ready!
[INFO] 29-07-2024 17:55:03 [main] [LogUtils] - Verify element visible By.xpath: //button[text()='Register your eShop']
[INFO] 29-07-2024 17:55:03 [main] [LogUtils] - Clicked on the element By.xpath: //button[text()='Register your eShop']
[INFO] 29-07-2024 17:55:04 [main] [LogUtils] - Verify element visible By.xpath: //button[@type="submit"][text()="OK"]
[INFO] 29-07-2024 17:55:06 [main] [LogUtils] - Clicked on the element By.xpath: //button[@type="submit"][text()="OK"]
[INFO] 29-07-2024 17:55:06 [main] [LogUtils] - Test case:  is passed.
[INFO] 29-07-2024 17:55:06 [main] [LogUtils] - Loaded file: D:\Zapta\Automation\Mawad\src/test/resources/config/datatest.properties
[INFO] 29-07-2024 17:55:06 [main] [LogUtils] - Loaded file: D:\Zapta\Automation\Mawad\src/test/resources/config/config.properties
[INFO] 29-07-2024 17:55:06 [main] [LogUtils] - Loaded all properties files.
[INFO] 29-07-2024 17:55:06 [main] [LogUtils] - Excel Path: D:\Zapta\Automation\Mawad\src/test/resources/testdata/ClientsDataExcel.xlsx
[INFO] 29-07-2024 17:55:08 [main] [LogUtils] - Row: 17 - Column: 10
[INFO] 29-07-2024 17:55:08 [main] [LogUtils] - StartRow: 1 - EndRow: 1
[INFO] 29-07-2024 17:55:08 [main] [LogUtils] - Test case:  is starting...
[INFO] 29-07-2024 17:55:08 [main] [LogUtils] - Verify element visible By.cssSelector: #first_name
[INFO] 29-07-2024 17:55:09 [main] [LogUtils] - Set text John on By.cssSelector: #first_name
[INFO] 29-07-2024 17:55:09 [main] [LogUtils] - Verify element visible By.cssSelector: #last_name
[INFO] 29-07-2024 17:55:09 [main] [LogUtils] - Set text Pual on By.cssSelector: #last_name
[INFO] 29-07-2024 17:55:10 [main] [LogUtils] - Verify element visible By.cssSelector: #email
[INFO] 29-07-2024 17:55:11 [main] [LogUtils] - Set text zubairarain888+914@gmail.com on By.cssSelector: #email
[INFO] 29-07-2024 17:55:12 [main] [LogUtils] - Verify element visible By.cssSelector: #password
[INFO] 29-07-2024 17:55:13 [main] [LogUtils] - Set text Hexso915@AJM on By.cssSelector: #password
[INFO] 29-07-2024 17:55:13 [main] [LogUtils] - Verify element visible By.cssSelector: #password_confirmation
[INFO] 29-07-2024 17:55:14 [main] [LogUtils] - Set text Hexso915@AJM on By.cssSelector: #password_confirmation
[INFO] 29-07-2024 17:55:14 [main] [LogUtils] - Test case:  is passed.
[INFO] 29-07-2024 17:55:14 [main] [LogUtils] - End Suite: All Test Cases
[INFO] 29-07-2024 18:33:05 [main] [LogUtils] - Driver was null
[INFO] 29-07-2024 18:33:12 [main] [LogUtils] - Driver is Just Initialized
[INFO] 29-07-2024 18:33:12 [main] [LogUtils] - Driver is already Intialized Initialized: dataDrivenTestCases
[ERROR] 29-07-2024 18:33:12 [main] [LogUtils] - driver value: ChromeDriver: chrome on windows (6a94a1e6e6a7a805a8fcaccf4c334056)
[INFO] 29-07-2024 18:33:12 [main] [LogUtils] - Loaded file: D:\Zapta\Automation\Mawad\src/test/resources/config/datatest.properties
[INFO] 29-07-2024 18:33:12 [main] [LogUtils] - Loaded file: D:\Zapta\Automation\Mawad\src/test/resources/config/config.properties
[INFO] 29-07-2024 18:33:12 [main] [LogUtils] - Loaded all properties files.
[INFO] 29-07-2024 18:33:14 [main] [LogUtils] - size of list of message: 0
[INFO] 29-07-2024 18:33:43 [main] [LogUtils] - Driver was null
[INFO] 29-07-2024 18:33:46 [main] [LogUtils] - Driver is Just Initialized
[INFO] 29-07-2024 18:33:46 [main] [LogUtils] - Driver is already Intialized Initialized: dataDrivenTestCases
[ERROR] 29-07-2024 18:33:46 [main] [LogUtils] - driver value: ChromeDriver: chrome on windows (1ef269cf5379f409d32d1352d0d76736)
[INFO] 29-07-2024 18:33:46 [main] [LogUtils] - Loaded file: D:\Zapta\Automation\Mawad\src/test/resources/config/datatest.properties
[INFO] 29-07-2024 18:33:46 [main] [LogUtils] - Loaded file: D:\Zapta\Automation\Mawad\src/test/resources/config/config.properties
[INFO] 29-07-2024 18:33:46 [main] [LogUtils] - Loaded all properties files.
[INFO] 29-07-2024 18:33:48 [main] [LogUtils] - size of list of message: 0
[INFO] 29-07-2024 18:40:46 [main] [LogUtils] - Driver was null
[INFO] 29-07-2024 18:40:49 [main] [LogUtils] - Driver is Just Initialized
[INFO] 29-07-2024 18:40:49 [main] [LogUtils] - Driver is already Intialized Initialized: dataDrivenTestCases
[ERROR] 29-07-2024 18:40:49 [main] [LogUtils] - driver value: ChromeDriver: chrome on windows (fab223ba83157f7f58a99fcc7f0153fd)
[INFO] 29-07-2024 18:40:49 [main] [LogUtils] - Loaded file: D:\Zapta\Automation\Mawad\src/test/resources/config/datatest.properties
[INFO] 29-07-2024 18:40:49 [main] [LogUtils] - Loaded file: D:\Zapta\Automation\Mawad\src/test/resources/config/config.properties
[INFO] 29-07-2024 18:40:49 [main] [LogUtils] - Loaded all properties files.
[INFO] 29-07-2024 18:40:52 [main] [LogUtils] - size of list of message: 0
[INFO] 29-07-2024 18:41:59 [main] [LogUtils] - Driver was null
[INFO] 29-07-2024 18:42:02 [main] [LogUtils] - Driver is Just Initialized
[INFO] 29-07-2024 18:42:02 [main] [LogUtils] - Driver is already Intialized Initialized: dataDrivenTestCases
[ERROR] 29-07-2024 18:42:02 [main] [LogUtils] - driver value: ChromeDriver: chrome on windows (22b28c7122c3c7b8dc55ee81315423d4)
[INFO] 29-07-2024 18:42:02 [main] [LogUtils] - Loaded file: D:\Zapta\Automation\Mawad\src/test/resources/config/datatest.properties
[INFO] 29-07-2024 18:42:02 [main] [LogUtils] - Loaded file: D:\Zapta\Automation\Mawad\src/test/resources/config/config.properties
[INFO] 29-07-2024 18:42:02 [main] [LogUtils] - Loaded all properties files.
[INFO] 29-07-2024 18:42:07 [main] [LogUtils] - size of list of message: 1
[INFO] 29-07-2024 18:42:07 [main] [LogUtils] - Not found Message
[INFO] 29-07-2024 18:43:30 [main] [LogUtils] - Driver was null
[INFO] 29-07-2024 18:43:33 [main] [LogUtils] - Driver is Just Initialized
[INFO] 29-07-2024 18:43:33 [main] [LogUtils] - Driver is already Intialized Initialized: dataDrivenTestCases
[ERROR] 29-07-2024 18:43:33 [main] [LogUtils] - driver value: ChromeDriver: chrome on windows (f38d684258cbda4c9f072ec9dc73fe8d)
[INFO] 29-07-2024 18:43:33 [main] [LogUtils] - Loaded file: D:\Zapta\Automation\Mawad\src/test/resources/config/datatest.properties
[INFO] 29-07-2024 18:43:33 [main] [LogUtils] - Loaded file: D:\Zapta\Automation\Mawad\src/test/resources/config/config.properties
[INFO] 29-07-2024 18:43:33 [main] [LogUtils] - Loaded all properties files.
[INFO] 29-07-2024 18:43:41 [main] [LogUtils] - Javascript in NOT Ready!
[INFO] 29-07-2024 18:43:41 [main] [LogUtils] - Verify element visible By.xpath: //a[text()='Become a Vendor !']
[INFO] 29-07-2024 18:43:43 [main] [LogUtils] - Clicked on the element By.xpath: //a[text()='Become a Vendor !']
[INFO] 29-07-2024 18:43:43 [main] [LogUtils] - Javascript in NOT Ready!
[INFO] 29-07-2024 18:43:45 [main] [LogUtils] - Verify element visible By.xpath: //button[text()='Register your eShop']
[INFO] 29-07-2024 18:43:45 [main] [LogUtils] - Clicked on the element By.xpath: //button[text()='Register your eShop']
[INFO] 29-07-2024 18:43:46 [main] [LogUtils] - Verify element visible By.xpath: //button[@type="submit"][text()="OK"]
[INFO] 29-07-2024 18:43:48 [main] [LogUtils] - Clicked on the element By.xpath: //button[@type="submit"][text()="OK"]
[INFO] 29-07-2024 18:43:48 [main] [LogUtils] - Loaded file: D:\Zapta\Automation\Mawad\src/test/resources/config/datatest.properties
[INFO] 29-07-2024 18:43:48 [main] [LogUtils] - Loaded file: D:\Zapta\Automation\Mawad\src/test/resources/config/config.properties
[INFO] 29-07-2024 18:43:48 [main] [LogUtils] - Loaded all properties files.
[INFO] 29-07-2024 18:43:48 [main] [LogUtils] - Excel Path: D:\Zapta\Automation\Mawad\src/test/resources/testdata/ClientsDataExcel.xlsx
[INFO] 29-07-2024 18:43:49 [main] [LogUtils] - Row: 17 - Column: 10
[INFO] 29-07-2024 18:43:49 [main] [LogUtils] - StartRow: 1 - EndRow: 1
[INFO] 29-07-2024 18:43:49 [main] [LogUtils] - Verify element visible By.cssSelector: #first_name
[INFO] 29-07-2024 18:43:49 [main] [LogUtils] - Set text John on By.cssSelector: #first_name
[INFO] 29-07-2024 18:43:49 [main] [LogUtils] - Verify element visible By.cssSelector: #last_name
[INFO] 29-07-2024 18:43:50 [main] [LogUtils] - Set text Pual on By.cssSelector: #last_name
[INFO] 29-07-2024 18:43:50 [main] [LogUtils] - Verify element visible By.cssSelector: #email
[INFO] 29-07-2024 18:43:50 [main] [LogUtils] - Set text zubairarain888+927@gmail.com on By.cssSelector: #email
[INFO] 29-07-2024 18:43:50 [main] [LogUtils] - Verify element visible By.cssSelector: #password
[INFO] 29-07-2024 18:43:50 [main] [LogUtils] - Set text Hexso915@AJM on By.cssSelector: #password
[INFO] 29-07-2024 18:43:50 [main] [LogUtils] - Verify element visible By.cssSelector: #password_confirmation
[INFO] 29-07-2024 18:43:51 [main] [LogUtils] - Set text Hexso915@AJM on By.cssSelector: #password_confirmation
[INFO] 29-07-2024 18:43:51 [main] [LogUtils] - Verify element visible By.xpath: //button[text()="Next" and @data-action="register"]
[INFO] 29-07-2024 18:43:57 [main] [LogUtils] - size of list of message: 1
[INFO] 29-07-2024 18:43:57 [main] [LogUtils] - Not found Message
[INFO] 29-07-2024 18:45:50 [main] [LogUtils] - Driver was null
[INFO] 29-07-2024 18:45:52 [main] [LogUtils] - Driver is Just Initialized
[INFO] 29-07-2024 18:45:52 [main] [LogUtils] - Driver is already Intialized Initialized: dataDrivenTestCases
[ERROR] 29-07-2024 18:45:52 [main] [LogUtils] - driver value: ChromeDriver: chrome on windows (1648bfea7692b6ece546ed9fff5f8cfa)
[INFO] 29-07-2024 18:45:52 [main] [LogUtils] - Loaded file: D:\Zapta\Automation\Mawad\src/test/resources/config/datatest.properties
[INFO] 29-07-2024 18:45:52 [main] [LogUtils] - Loaded file: D:\Zapta\Automation\Mawad\src/test/resources/config/config.properties
[INFO] 29-07-2024 18:45:52 [main] [LogUtils] - Loaded all properties files.
[INFO] 29-07-2024 18:45:56 [main] [LogUtils] - size of list of message: 1
[INFO] 29-07-2024 18:45:56 [main] [LogUtils] - Yes found it Message has been found 
[INFO] 29-07-2024 18:45:56 [main] [LogUtils] - Before Refining OTP Code(Gmail Inbox):  237901</p
[INFO] 29-07-2024 18:45:56 [main] [LogUtils] - After Refining OTP Code(Gmail Inbox): 237901</p
[INFO] 29-07-2024 18:47:04 [main] [LogUtils] - Driver was null
[INFO] 29-07-2024 18:47:06 [main] [LogUtils] - Driver is Just Initialized
[INFO] 29-07-2024 18:47:06 [main] [LogUtils] - Driver is already Intialized Initialized: dataDrivenTestCases
[ERROR] 29-07-2024 18:47:07 [main] [LogUtils] - driver value: ChromeDriver: chrome on windows (64c26680bc1ffbda55e25d8f00de5a20)
[INFO] 29-07-2024 18:47:07 [main] [LogUtils] - Loaded file: D:\Zapta\Automation\Mawad\src/test/resources/config/datatest.properties
[INFO] 29-07-2024 18:47:07 [main] [LogUtils] - Loaded file: D:\Zapta\Automation\Mawad\src/test/resources/config/config.properties
[INFO] 29-07-2024 18:47:07 [main] [LogUtils] - Loaded all properties files.
[INFO] 29-07-2024 18:47:11 [main] [LogUtils] - size of list of message: 1
[INFO] 29-07-2024 18:47:11 [main] [LogUtils] - Yes found it Message has been found 
[INFO] 29-07-2024 18:47:11 [main] [LogUtils] - Before Refining OTP Code(Gmail Inbox):  237901<
[INFO] 29-07-2024 18:47:11 [main] [LogUtils] - After Refining OTP Code(Gmail Inbox): 237901<
[INFO] 29-07-2024 18:47:34 [main] [LogUtils] - Driver was null
[INFO] 29-07-2024 18:47:36 [main] [LogUtils] - Driver is Just Initialized
[INFO] 29-07-2024 18:47:36 [main] [LogUtils] - Driver is already Intialized Initialized: dataDrivenTestCases
[ERROR] 29-07-2024 18:47:36 [main] [LogUtils] - driver value: ChromeDriver: chrome on windows (966bef5e5a74e2747c8130fc7fd70e10)
[INFO] 29-07-2024 18:47:36 [main] [LogUtils] - Loaded file: D:\Zapta\Automation\Mawad\src/test/resources/config/datatest.properties
[INFO] 29-07-2024 18:47:36 [main] [LogUtils] - Loaded file: D:\Zapta\Automation\Mawad\src/test/resources/config/config.properties
[INFO] 29-07-2024 18:47:36 [main] [LogUtils] - Loaded all properties files.
[INFO] 29-07-2024 18:47:40 [main] [LogUtils] - size of list of message: 1
[INFO] 29-07-2024 18:47:40 [main] [LogUtils] - Yes found it Message has been found 
[INFO] 29-07-2024 18:47:40 [main] [LogUtils] - Before Refining OTP Code(Gmail Inbox):  237901
[INFO] 29-07-2024 18:47:40 [main] [LogUtils] - After Refining OTP Code(Gmail Inbox): 237901
[INFO] 29-07-2024 18:48:37 [main] [LogUtils] - Driver was null
[INFO] 29-07-2024 18:48:40 [main] [LogUtils] - Driver is Just Initialized
[INFO] 29-07-2024 18:48:40 [main] [LogUtils] - Driver is already Intialized Initialized: dataDrivenTestCases
[ERROR] 29-07-2024 18:48:40 [main] [LogUtils] - driver value: ChromeDriver: chrome on windows (145f3f6257fa0f57c403da668fc08bcc)
[INFO] 29-07-2024 18:48:40 [main] [LogUtils] - Loaded file: D:\Zapta\Automation\Mawad\src/test/resources/config/datatest.properties
[INFO] 29-07-2024 18:48:40 [main] [LogUtils] - Loaded file: D:\Zapta\Automation\Mawad\src/test/resources/config/config.properties
[INFO] 29-07-2024 18:48:40 [main] [LogUtils] - Loaded all properties files.
[INFO] 29-07-2024 18:48:40 [main] [LogUtils] - Mail send time : Sun Jul 28 18:48:40 PKT 2024
[INFO] 29-07-2024 18:48:44 [main] [LogUtils] - size of list of message: 1
[INFO] 29-07-2024 18:48:44 [main] [LogUtils] - Message Subject : Verification Code Email
[INFO] 29-07-2024 18:48:44 [main] [LogUtils] - Yes found it Message has been found 
[INFO] 29-07-2024 18:48:44 [main] [LogUtils] - Before Refining OTP Code(Gmail Inbox):  237901
[INFO] 29-07-2024 18:48:44 [main] [LogUtils] - After Refining OTP Code(Gmail Inbox): 237901
[INFO] 29-07-2024 18:50:56 [main] [LogUtils] - Driver was null
[INFO] 29-07-2024 18:50:58 [main] [LogUtils] - Driver is Just Initialized
[INFO] 29-07-2024 18:50:58 [main] [LogUtils] - Driver is already Intialized Initialized: dataDrivenTestCases
[ERROR] 29-07-2024 18:50:58 [main] [LogUtils] - driver value: ChromeDriver: chrome on windows (9245088042f337e80dd2e62f9c6d306c)
[INFO] 29-07-2024 18:50:58 [main] [LogUtils] - Loaded file: D:\Zapta\Automation\Mawad\src/test/resources/config/datatest.properties
[INFO] 29-07-2024 18:50:58 [main] [LogUtils] - Loaded file: D:\Zapta\Automation\Mawad\src/test/resources/config/config.properties
[INFO] 29-07-2024 18:50:58 [main] [LogUtils] - Loaded all properties files.
[INFO] 29-07-2024 18:50:58 [main] [LogUtils] - Mail send time : Sun Jul 28 18:50:58 PKT 2024
[INFO] 29-07-2024 18:50:58 [main] [LogUtils] - Connects to Message Store
[INFO] 29-07-2024 18:51:00 [main] [LogUtils] - Opens folder : INBOX
[INFO] 29-07-2024 18:51:01 [main] [LogUtils] - Creates search condition for Folder : INBOX. Searching message with Subject line : Verification Code Email
[INFO] 29-07-2024 18:51:01 [main] [LogUtils] - Performs search through the folder : INBOX
[INFO] 29-07-2024 18:51:01 [main] [LogUtils] - Number of messages found : 1
[INFO] 29-07-2024 18:51:02 [main] [LogUtils] - Disconnecting...
[INFO] 29-07-2024 18:51:02 [main] [LogUtils] - size of list of message: 1
[INFO] 29-07-2024 18:51:02 [main] [LogUtils] - Message Subject : Verification Code Email
[INFO] 29-07-2024 18:51:02 [main] [LogUtils] - Yes found it Message has been found 
[INFO] 29-07-2024 18:51:02 [main] [LogUtils] - Before Refining OTP Code(Gmail Inbox):  237901
[INFO] 29-07-2024 18:51:02 [main] [LogUtils] - After Refining OTP Code(Gmail Inbox): 237901
[INFO] 29-07-2024 19:02:24 [main] [LogUtils] - Loaded file: D:\Zapta\Automation\Mawad\src/test/resources/config/datatest.properties
[INFO] 29-07-2024 19:02:24 [main] [LogUtils] - Loaded file: D:\Zapta\Automation\Mawad\src/test/resources/config/config.properties
[INFO] 29-07-2024 19:02:24 [main] [LogUtils] - Loaded all properties files.
[INFO] 29-07-2024 19:02:25 [main] [LogUtils] - Starting Suite: All Test Cases
[INFO] 29-07-2024 19:02:25 [main] [LogUtils] - Driver was null
[INFO] 29-07-2024 19:02:28 [main] [LogUtils] - Driver is Just Initialized
[ERROR] 29-07-2024 19:02:28 [main] [LogUtils] - driver value: ChromeDriver: chrome on windows (8be9170f789827ed525022be98f6fe65)
[INFO] 29-07-2024 19:02:28 [main] [LogUtils] - Loaded file: D:\Zapta\Automation\Mawad\src/test/resources/config/datatest.properties
[INFO] 29-07-2024 19:02:28 [main] [LogUtils] - Loaded file: D:\Zapta\Automation\Mawad\src/test/resources/config/config.properties
[INFO] 29-07-2024 19:02:29 [main] [LogUtils] - Loaded all properties files.
[INFO] 29-07-2024 19:02:29 [main] [LogUtils] - Test case:  is starting...
[INFO] 29-07-2024 19:02:51 [main] [LogUtils] - Verify element visible By.xpath: //a[text()='Become a Vendor !']
[INFO] 29-07-2024 19:02:53 [main] [LogUtils] - Clicked on the element By.xpath: //a[text()='Become a Vendor !']
[INFO] 29-07-2024 19:02:53 [main] [LogUtils] - Test case:  is passed.
[INFO] 29-07-2024 19:02:53 [main] [LogUtils] - Test case:  is starting...
[INFO] 29-07-2024 19:02:53 [main] [LogUtils] - Javascript in NOT Ready!
[INFO] 29-07-2024 19:02:55 [main] [LogUtils] - Verify element visible By.xpath: //button[text()='Register your eShop']
[INFO] 29-07-2024 19:02:55 [main] [LogUtils] - Clicked on the element By.xpath: //button[text()='Register your eShop']
[INFO] 29-07-2024 19:02:56 [main] [LogUtils] - Verify element visible By.xpath: //button[@type="submit"][text()="OK"]
[INFO] 29-07-2024 19:02:58 [main] [LogUtils] - Clicked on the element By.xpath: //button[@type="submit"][text()="OK"]
[INFO] 29-07-2024 19:02:58 [main] [LogUtils] - Test case:  is passed.
[INFO] 29-07-2024 19:02:58 [main] [LogUtils] - Loaded file: D:\Zapta\Automation\Mawad\src/test/resources/config/datatest.properties
[INFO] 29-07-2024 19:02:58 [main] [LogUtils] - Loaded file: D:\Zapta\Automation\Mawad\src/test/resources/config/config.properties
[INFO] 29-07-2024 19:02:58 [main] [LogUtils] - Loaded all properties files.
[INFO] 29-07-2024 19:02:58 [main] [LogUtils] - Excel Path: D:\Zapta\Automation\Mawad\src/test/resources/testdata/ClientsDataExcel.xlsx
[INFO] 29-07-2024 19:03:00 [main] [LogUtils] - Row: 17 - Column: 10
[INFO] 29-07-2024 19:03:00 [main] [LogUtils] - StartRow: 1 - EndRow: 1
[INFO] 29-07-2024 19:03:00 [main] [LogUtils] - Test case:  is starting...
[INFO] 29-07-2024 19:03:00 [main] [LogUtils] - Verify element visible By.cssSelector: #first_name
[INFO] 29-07-2024 19:03:00 [main] [LogUtils] - Set text John on By.cssSelector: #first_name
[INFO] 29-07-2024 19:03:01 [main] [LogUtils] - Verify element visible By.cssSelector: #last_name
[INFO] 29-07-2024 19:03:01 [main] [LogUtils] - Set text Pual on By.cssSelector: #last_name
[INFO] 29-07-2024 19:03:01 [main] [LogUtils] - Verify element visible By.cssSelector: #email
[INFO] 29-07-2024 19:03:02 [main] [LogUtils] - Set text zubairarain888+248@gmail.com on By.cssSelector: #email
[INFO] 29-07-2024 19:03:02 [main] [LogUtils] - Verify element visible By.cssSelector: #password
[INFO] 29-07-2024 19:03:03 [main] [LogUtils] - Set text Hexso915@AJM on By.cssSelector: #password
[INFO] 29-07-2024 19:03:03 [main] [LogUtils] - Verify element visible By.cssSelector: #password_confirmation
[INFO] 29-07-2024 19:03:03 [main] [LogUtils] - Set text Hexso915@AJM on By.cssSelector: #password_confirmation
[INFO] 29-07-2024 19:03:04 [main] [LogUtils] - Verify element visible By.xpath: //button[text()="Next" and @data-action="register"]
[INFO] 29-07-2024 19:03:05 [main] [LogUtils] - Test case:  is passed.
[INFO] 29-07-2024 19:03:05 [main] [LogUtils] - Test case:  is starting...
[INFO] 29-07-2024 19:03:10 [main] [LogUtils] - Mail send time : Sun Jul 28 19:03:10 PKT 2024
[INFO] 29-07-2024 19:03:10 [main] [LogUtils] - Connects to Message Store
[INFO] 29-07-2024 19:03:12 [main] [LogUtils] - Opens folder : INBOX
[INFO] 29-07-2024 19:03:12 [main] [LogUtils] - Creates search condition for Folder : INBOX. Searching message with Subject line : Verification Code Email
[INFO] 29-07-2024 19:03:12 [main] [LogUtils] - Performs search through the folder : INBOX
[INFO] 29-07-2024 19:03:13 [main] [LogUtils] - Number of messages found : 2
[INFO] 29-07-2024 19:03:14 [main] [LogUtils] - Disconnecting...
[INFO] 29-07-2024 19:03:15 [main] [LogUtils] - size of list of message: 2
[INFO] 29-07-2024 19:03:15 [main] [LogUtils] - Message Subject : Verification Code Email
[INFO] 29-07-2024 19:03:15 [main] [LogUtils] - Yes found it Message has been found 
[INFO] 29-07-2024 19:03:15 [main] [LogUtils] - Before Refining OTP Code(Gmail Inbox):  104996
[INFO] 29-07-2024 19:03:15 [main] [LogUtils] - After Refining OTP Code(Gmail Inbox): 104996
[INFO] 29-07-2024 19:03:15 [main] [LogUtils] - Test case:  is passed.
[INFO] 29-07-2024 19:03:15 [main] [LogUtils] - End Suite: All Test Cases
[INFO] 29-07-2024 19:04:11 [main] [LogUtils] - Loaded file: D:\Zapta\Automation\Mawad\src/test/resources/config/datatest.properties
[INFO] 29-07-2024 19:04:11 [main] [LogUtils] - Loaded file: D:\Zapta\Automation\Mawad\src/test/resources/config/config.properties
[INFO] 29-07-2024 19:04:11 [main] [LogUtils] - Loaded all properties files.
[INFO] 29-07-2024 19:04:12 [main] [LogUtils] - Starting Suite: All Test Cases
[INFO] 29-07-2024 19:04:12 [main] [LogUtils] - Driver was null
[INFO] 29-07-2024 19:04:16 [main] [LogUtils] - Driver is Just Initialized
[ERROR] 29-07-2024 19:04:16 [main] [LogUtils] - driver value: ChromeDriver: chrome on windows (f3224a61814209965c083fa7f41814db)
[INFO] 29-07-2024 19:04:16 [main] [LogUtils] - Loaded file: D:\Zapta\Automation\Mawad\src/test/resources/config/datatest.properties
[INFO] 29-07-2024 19:04:16 [main] [LogUtils] - Loaded file: D:\Zapta\Automation\Mawad\src/test/resources/config/config.properties
[INFO] 29-07-2024 19:04:16 [main] [LogUtils] - Loaded all properties files.
[INFO] 29-07-2024 19:04:16 [main] [LogUtils] - Test case:  is starting...
[INFO] 29-07-2024 19:04:23 [main] [LogUtils] - Javascript in NOT Ready!
[INFO] 29-07-2024 19:04:23 [main] [LogUtils] - Verify element visible By.xpath: //a[text()='Become a Vendor !']
[INFO] 29-07-2024 19:04:26 [main] [LogUtils] - Clicked on the element By.xpath: //a[text()='Become a Vendor !']
[INFO] 29-07-2024 19:04:26 [main] [LogUtils] - Test case:  is passed.
[INFO] 29-07-2024 19:04:26 [main] [LogUtils] - Test case:  is starting...
[INFO] 29-07-2024 19:04:26 [main] [LogUtils] - Javascript in NOT Ready!
[INFO] 29-07-2024 19:04:27 [main] [LogUtils] - Verify element visible By.xpath: //button[text()='Register your eShop']
[INFO] 29-07-2024 19:04:27 [main] [LogUtils] - Clicked on the element By.xpath: //button[text()='Register your eShop']
[INFO] 29-07-2024 19:04:28 [main] [LogUtils] - Verify element visible By.xpath: //button[@type="submit"][text()="OK"]
[INFO] 29-07-2024 19:04:30 [main] [LogUtils] - Clicked on the element By.xpath: //button[@type="submit"][text()="OK"]
[INFO] 29-07-2024 19:04:30 [main] [LogUtils] - Test case:  is passed.
[INFO] 29-07-2024 19:04:30 [main] [LogUtils] - Loaded file: D:\Zapta\Automation\Mawad\src/test/resources/config/datatest.properties
[INFO] 29-07-2024 19:04:30 [main] [LogUtils] - Loaded file: D:\Zapta\Automation\Mawad\src/test/resources/config/config.properties
[INFO] 29-07-2024 19:04:30 [main] [LogUtils] - Loaded all properties files.
[INFO] 29-07-2024 19:04:30 [main] [LogUtils] - Excel Path: D:\Zapta\Automation\Mawad\src/test/resources/testdata/ClientsDataExcel.xlsx
[INFO] 29-07-2024 19:04:31 [main] [LogUtils] - Row: 17 - Column: 10
[INFO] 29-07-2024 19:04:31 [main] [LogUtils] - StartRow: 1 - EndRow: 1
[INFO] 29-07-2024 19:04:31 [main] [LogUtils] - Test case:  is starting...
[INFO] 29-07-2024 19:04:31 [main] [LogUtils] - Verify element visible By.cssSelector: #first_name
[INFO] 29-07-2024 19:04:32 [main] [LogUtils] - Set text John on By.cssSelector: #first_name
[INFO] 29-07-2024 19:04:32 [main] [LogUtils] - Verify element visible By.cssSelector: #last_name
[INFO] 29-07-2024 19:04:32 [main] [LogUtils] - Set text Pual on By.cssSelector: #last_name
[INFO] 29-07-2024 19:04:32 [main] [LogUtils] - Verify element visible By.cssSelector: #email
[INFO] 29-07-2024 19:04:32 [main] [LogUtils] - Set text zubairarain888+444@gmail.com on By.cssSelector: #email
[INFO] 29-07-2024 19:04:32 [main] [LogUtils] - Verify element visible By.cssSelector: #password
[INFO] 29-07-2024 19:04:33 [main] [LogUtils] - Set text Hexso915@AJM on By.cssSelector: #password
[INFO] 29-07-2024 19:04:33 [main] [LogUtils] - Verify element visible By.cssSelector: #password_confirmation
[INFO] 29-07-2024 19:04:33 [main] [LogUtils] - Set text Hexso915@AJM on By.cssSelector: #password_confirmation
[INFO] 29-07-2024 19:04:33 [main] [LogUtils] - Verify element visible By.xpath: //button[text()="Next" and @data-action="register"]
[INFO] 29-07-2024 19:04:34 [main] [LogUtils] - Test case:  is passed.
[INFO] 29-07-2024 19:04:34 [main] [LogUtils] - Test case:  is starting...
[INFO] 29-07-2024 19:04:39 [main] [LogUtils] - Mail send time : Sun Jul 28 19:04:39 PKT 2024
[INFO] 29-07-2024 19:04:39 [main] [LogUtils] - Connects to Message Store
[INFO] 29-07-2024 19:04:42 [main] [LogUtils] - Opens folder : INBOX
[INFO] 29-07-2024 19:04:42 [main] [LogUtils] - Creates search condition for Folder : INBOX. Searching message with Subject line : Verification Code Email
[INFO] 29-07-2024 19:04:42 [main] [LogUtils] - Performs search through the folder : INBOX
[INFO] 29-07-2024 19:04:43 [main] [LogUtils] - Number of messages found : 1
[INFO] 29-07-2024 19:04:44 [main] [LogUtils] - Disconnecting...
[INFO] 29-07-2024 19:04:44 [main] [LogUtils] - size of list of message: 1
[INFO] 29-07-2024 19:04:44 [main] [LogUtils] - Message Subject : Verification Code Email
[INFO] 29-07-2024 19:04:44 [main] [LogUtils] - Yes found it Message has been found 
[INFO] 29-07-2024 19:04:44 [main] [LogUtils] - Before Refining OTP Code(Gmail Inbox):  131843
[INFO] 29-07-2024 19:04:44 [main] [LogUtils] - After Refining OTP Code(Gmail Inbox): 131843
[INFO] 29-07-2024 19:04:44 [main] [LogUtils] - Verify element visible By.xpath: //input[@name="verification_code"]
[INFO] 29-07-2024 19:04:44 [main] [LogUtils] - Set text 131843 on By.xpath: //input[@name="verification_code"]
[INFO] 29-07-2024 19:04:44 [main] [LogUtils] - Verify element visible By.xpath: //button[@id="verifyCodeBtn"]
[WARN] 29-07-2024 19:04:47 [main] [LogUtils] - Test case:  is skipped.
[INFO] 29-07-2024 19:04:57 [main] [LogUtils] - Driver for Screenshot: ChromeDriver: chrome on windows (f3224a61814209965c083fa7f41814db)
[INFO] 29-07-2024 19:04:57 [main] [LogUtils] - Screenshot taken: verifyGmailOTP
[INFO] 29-07-2024 19:04:57 [main] [LogUtils] - Screenshot taken current URL: https://mawad.ae/shops/create?_token=vdIfM8K0hdPZvZ0EKc0r20rSHFyYGdZD5pVRBilq&package_id=4
[ERROR] 29-07-2024 19:04:57 [main] [LogUtils] - FAILED !! Screenshot for test case: verifyGmailOTP
[ERROR] 29-07-2024 19:04:57 [main] [LogUtils] - org.openqa.selenium.ElementClickInterceptedException: element click intercepted: Element <button id="verifyCodeBtn" type="button" class="btn btn-primary fw-600 rounded-0">...</button> is not clickable at point (1102, 127). Other element would receive the click: <div class="d-flex align-items-center justify-content-center justify-content-xl-start h-100">...</div>
  (Session info: chrome=126.0.6478.182)
Build info: version: '4.22.0', revision: 'c5f3146703*'
System info: os.name: 'Windows 11', os.arch: 'amd64', os.version: '10.0', java.version: '20.0.1'
Driver info: org.openqa.selenium.chrome.ChromeDriver
Command: [f3224a61814209965c083fa7f41814db, clickElement {id=f.728A98F6C3294FAE1578846BB556A442.d.313F7E6A4EB5C3D74D9E8C36C9F85A89.e.269}]
Capabilities {acceptInsecureCerts: false, browserName: chrome, browserVersion: 126.0.6478.182, chrome: {chromedriverVersion: 126.0.6478.182 (5b5d8292ddf..., userDataDir: C:\Users\ZuBi\AppData\Local...}, fedcm:accounts: true, goog:chromeOptions: {debuggerAddress: localhost:56145}, networkConnectionEnabled: false, pageLoadStrategy: normal, platformName: windows, proxy: Proxy(), se:cdp: ws://localhost:56145/devtoo..., se:cdpVersion: 126.0.6478.182, setWindowRect: true, strictFileInteractability: false, timeouts: {implicit: 0, pageLoad: 300000, script: 30000}, unhandledPromptBehavior: dismiss and notify, webauthn:extension:credBlob: true, webauthn:extension:largeBlob: true, webauthn:extension:minPinLength: true, webauthn:extension:prf: true, webauthn:virtualAuthenticators: true}
Element: [[ChromeDriver: chrome on windows (f3224a61814209965c083fa7f41814db)] -> xpath: //button[@id="verifyCodeBtn"]]
Session ID: f3224a61814209965c083fa7f41814db
[INFO] 29-07-2024 19:04:58 [main] [LogUtils] - Test case:  is starting...
[INFO] 29-07-2024 19:05:03 [main] [LogUtils] - Mail send time : Sun Jul 28 19:05:03 PKT 2024
[INFO] 29-07-2024 19:05:03 [main] [LogUtils] - Connects to Message Store
[INFO] 29-07-2024 19:05:04 [main] [LogUtils] - Opens folder : INBOX
[INFO] 29-07-2024 19:05:04 [main] [LogUtils] - Creates search condition for Folder : INBOX. Searching message with Subject line : Verification Code Email
[INFO] 29-07-2024 19:05:04 [main] [LogUtils] - Performs search through the folder : INBOX
[INFO] 29-07-2024 19:05:05 [main] [LogUtils] - Number of messages found : 1
[INFO] 29-07-2024 19:05:06 [main] [LogUtils] - Disconnecting...
[INFO] 29-07-2024 19:05:06 [main] [LogUtils] - size of list of message: 1
[INFO] 29-07-2024 19:05:06 [main] [LogUtils] - Message Subject : Verification Code Email
[INFO] 29-07-2024 19:05:06 [main] [LogUtils] - Yes found it Message has been found 
[INFO] 29-07-2024 19:05:06 [main] [LogUtils] - Before Refining OTP Code(Gmail Inbox):  131843
[INFO] 29-07-2024 19:05:06 [main] [LogUtils] - After Refining OTP Code(Gmail Inbox): 131843
[INFO] 29-07-2024 19:05:06 [main] [LogUtils] - Verify element visible By.xpath: //input[@name="verification_code"]
[INFO] 29-07-2024 19:05:06 [main] [LogUtils] - Set text 131843 on By.xpath: //input[@name="verification_code"]
[INFO] 29-07-2024 19:05:06 [main] [LogUtils] - Verify element visible By.xpath: //button[@id="verifyCodeBtn"]
[INFO] 29-07-2024 19:05:06 [main] [LogUtils] - Clicked on the element By.xpath: //button[@id="verifyCodeBtn"]
[INFO] 29-07-2024 19:05:06 [main] [LogUtils] - Test case:  is passed.
[INFO] 29-07-2024 19:05:06 [main] [LogUtils] - End Suite: All Test Cases
[INFO] 29-07-2024 19:07:54 [main] [LogUtils] - Loaded file: D:\Zapta\Automation\Mawad\src/test/resources/config/datatest.properties
[INFO] 29-07-2024 19:07:54 [main] [LogUtils] - Loaded file: D:\Zapta\Automation\Mawad\src/test/resources/config/config.properties
[INFO] 29-07-2024 19:07:54 [main] [LogUtils] - Loaded all properties files.
[INFO] 29-07-2024 19:07:55 [main] [LogUtils] - Starting Suite: All Test Cases
[INFO] 29-07-2024 19:07:55 [main] [LogUtils] - Driver was null
[INFO] 29-07-2024 19:07:58 [main] [LogUtils] - Driver is Just Initialized
[ERROR] 29-07-2024 19:07:58 [main] [LogUtils] - driver value: ChromeDriver: chrome on windows (ddd9dd50c413269b07d773fcc1c5e246)
[INFO] 29-07-2024 19:07:58 [main] [LogUtils] - Loaded file: D:\Zapta\Automation\Mawad\src/test/resources/config/datatest.properties
[INFO] 29-07-2024 19:07:58 [main] [LogUtils] - Loaded file: D:\Zapta\Automation\Mawad\src/test/resources/config/config.properties
[INFO] 29-07-2024 19:07:58 [main] [LogUtils] - Loaded all properties files.
[INFO] 29-07-2024 19:07:59 [main] [LogUtils] - Test case:  is starting...
[INFO] 29-07-2024 19:08:05 [main] [LogUtils] - Javascript in NOT Ready!
[INFO] 29-07-2024 19:08:06 [main] [LogUtils] - Verify element visible By.xpath: //a[text()='Become a Vendor !']
[INFO] 29-07-2024 19:08:08 [main] [LogUtils] - Clicked on the element By.xpath: //a[text()='Become a Vendor !']
[INFO] 29-07-2024 19:08:08 [main] [LogUtils] - Test case:  is passed.
[INFO] 29-07-2024 19:08:08 [main] [LogUtils] - Test case:  is starting...
[INFO] 29-07-2024 19:08:08 [main] [LogUtils] - Verify element visible By.xpath: //button[text()='Register your eShop']
[INFO] 29-07-2024 19:08:09 [main] [LogUtils] - Clicked on the element By.xpath: //button[text()='Register your eShop']
[INFO] 29-07-2024 19:08:09 [main] [LogUtils] - Verify element visible By.xpath: //button[@type="submit"][text()="OK"]
[INFO] 29-07-2024 19:08:11 [main] [LogUtils] - Clicked on the element By.xpath: //button[@type="submit"][text()="OK"]
[INFO] 29-07-2024 19:08:11 [main] [LogUtils] - Test case:  is passed.
[INFO] 29-07-2024 19:08:11 [main] [LogUtils] - Loaded file: D:\Zapta\Automation\Mawad\src/test/resources/config/datatest.properties
[INFO] 29-07-2024 19:08:11 [main] [LogUtils] - Loaded file: D:\Zapta\Automation\Mawad\src/test/resources/config/config.properties
[INFO] 29-07-2024 19:08:11 [main] [LogUtils] - Loaded all properties files.
[INFO] 29-07-2024 19:08:11 [main] [LogUtils] - Excel Path: D:\Zapta\Automation\Mawad\src/test/resources/testdata/ClientsDataExcel.xlsx
[INFO] 29-07-2024 19:08:12 [main] [LogUtils] - Row: 17 - Column: 10
[INFO] 29-07-2024 19:08:12 [main] [LogUtils] - StartRow: 1 - EndRow: 1
[INFO] 29-07-2024 19:08:12 [main] [LogUtils] - Test case:  is starting...
[INFO] 29-07-2024 19:08:12 [main] [LogUtils] - Verify element visible By.cssSelector: #first_name
[INFO] 29-07-2024 19:08:13 [main] [LogUtils] - Set text John on By.cssSelector: #first_name
[INFO] 29-07-2024 19:08:13 [main] [LogUtils] - Verify element visible By.cssSelector: #last_name
[INFO] 29-07-2024 19:08:13 [main] [LogUtils] - Set text Pual on By.cssSelector: #last_name
[INFO] 29-07-2024 19:08:13 [main] [LogUtils] - Verify element visible By.cssSelector: #email
[INFO] 29-07-2024 19:08:13 [main] [LogUtils] - Set text zubairarain888+737@gmail.com on By.cssSelector: #email
[INFO] 29-07-2024 19:08:13 [main] [LogUtils] - Verify element visible By.cssSelector: #password
[INFO] 29-07-2024 19:08:13 [main] [LogUtils] - Set text Hexso915@AJM on By.cssSelector: #password
[INFO] 29-07-2024 19:08:14 [main] [LogUtils] - Verify element visible By.cssSelector: #password_confirmation
[INFO] 29-07-2024 19:08:14 [main] [LogUtils] - Set text Hexso915@AJM on By.cssSelector: #password_confirmation
[INFO] 29-07-2024 19:08:14 [main] [LogUtils] - Verify element visible By.xpath: //button[text()="Next" and @data-action="register"]
[INFO] 29-07-2024 19:08:15 [main] [LogUtils] - Test case:  is passed.
[INFO] 29-07-2024 19:08:15 [main] [LogUtils] - Test case:  is starting...
[INFO] 29-07-2024 19:08:20 [main] [LogUtils] - Mail send time : Sun Jul 28 19:08:20 PKT 2024
[INFO] 29-07-2024 19:08:20 [main] [LogUtils] - Connects to Message Store
[INFO] 29-07-2024 19:08:23 [main] [LogUtils] - Opens folder : INBOX
[INFO] 29-07-2024 19:08:23 [main] [LogUtils] - Creates search condition for Folder : INBOX. Searching message with Subject line : Verification Code Email
[INFO] 29-07-2024 19:08:23 [main] [LogUtils] - Performs search through the folder : INBOX
[INFO] 29-07-2024 19:08:24 [main] [LogUtils] - Number of messages found : 2
[INFO] 29-07-2024 19:08:25 [main] [LogUtils] - Disconnecting...
[INFO] 29-07-2024 19:08:25 [main] [LogUtils] - size of list of message: 2
[INFO] 29-07-2024 19:08:25 [main] [LogUtils] - Message Subject : Verification Code Email
[INFO] 29-07-2024 19:08:25 [main] [LogUtils] - Yes found it Message has been found 
[INFO] 29-07-2024 19:08:25 [main] [LogUtils] - Before Refining OTP Code(Gmail Inbox):  767157
[INFO] 29-07-2024 19:08:25 [main] [LogUtils] - After Refining OTP Code(Gmail Inbox): 767157
[INFO] 29-07-2024 19:08:25 [main] [LogUtils] - Scroll to element By.xpath: //input[@name="verification_code"]
[INFO] 29-07-2024 19:08:25 [main] [LogUtils] - Verify element visible By.xpath: //input[@name="verification_code"]
[INFO] 29-07-2024 19:08:26 [main] [LogUtils] - Set text 767157 on By.xpath: //input[@name="verification_code"]
[INFO] 29-07-2024 19:08:26 [main] [LogUtils] - Verify element visible By.xpath: //button[@id="verifyCodeBtn"]
[WARN] 29-07-2024 19:08:28 [main] [LogUtils] - Test case:  is skipped.
[INFO] 29-07-2024 19:08:38 [main] [LogUtils] - Driver for Screenshot: ChromeDriver: chrome on windows (ddd9dd50c413269b07d773fcc1c5e246)
[INFO] 29-07-2024 19:08:39 [main] [LogUtils] - Screenshot taken: verifyGmailOTP
[INFO] 29-07-2024 19:08:39 [main] [LogUtils] - Screenshot taken current URL: https://mawad.ae/shops/create?_token=HfZrsDQ76ON5YKYa5FoyaDb3YR1ofIyZKxyxTI3j&package_id=4
[ERROR] 29-07-2024 19:08:39 [main] [LogUtils] - FAILED !! Screenshot for test case: verifyGmailOTP
[ERROR] 29-07-2024 19:08:39 [main] [LogUtils] - org.openqa.selenium.ElementClickInterceptedException: element click intercepted: Element <button id="verifyCodeBtn" type="button" class="btn btn-primary fw-600 rounded-0">...</button> is not clickable at point (1102, 127). Other element would receive the click: <div class="d-flex align-items-center justify-content-center justify-content-xl-start h-100">...</div>
  (Session info: chrome=126.0.6478.182)
Build info: version: '4.22.0', revision: 'c5f3146703*'
System info: os.name: 'Windows 11', os.arch: 'amd64', os.version: '10.0', java.version: '20.0.1'
Driver info: org.openqa.selenium.chrome.ChromeDriver
Command: [ddd9dd50c413269b07d773fcc1c5e246, clickElement {id=f.05FEA8E4C3A9624E48B85804834ECB91.d.13F056ABB9C22E40A87EAD2953C6BCED.e.268}]
Capabilities {acceptInsecureCerts: false, browserName: chrome, browserVersion: 126.0.6478.182, chrome: {chromedriverVersion: 126.0.6478.182 (5b5d8292ddf..., userDataDir: C:\Users\ZuBi\AppData\Local...}, fedcm:accounts: true, goog:chromeOptions: {debuggerAddress: localhost:56501}, networkConnectionEnabled: false, pageLoadStrategy: normal, platformName: windows, proxy: Proxy(), se:cdp: ws://localhost:56501/devtoo..., se:cdpVersion: 126.0.6478.182, setWindowRect: true, strictFileInteractability: false, timeouts: {implicit: 0, pageLoad: 300000, script: 30000}, unhandledPromptBehavior: dismiss and notify, webauthn:extension:credBlob: true, webauthn:extension:largeBlob: true, webauthn:extension:minPinLength: true, webauthn:extension:prf: true, webauthn:virtualAuthenticators: true}
Element: [[ChromeDriver: chrome on windows (ddd9dd50c413269b07d773fcc1c5e246)] -> xpath: //button[@id="verifyCodeBtn"]]
Session ID: ddd9dd50c413269b07d773fcc1c5e246
[INFO] 29-07-2024 19:08:39 [main] [LogUtils] - Test case:  is starting...
[INFO] 29-07-2024 19:08:44 [main] [LogUtils] - Mail send time : Sun Jul 28 19:08:44 PKT 2024
[INFO] 29-07-2024 19:08:44 [main] [LogUtils] - Connects to Message Store
[INFO] 29-07-2024 19:08:45 [main] [LogUtils] - Opens folder : INBOX
[INFO] 29-07-2024 19:08:46 [main] [LogUtils] - Creates search condition for Folder : INBOX. Searching message with Subject line : Verification Code Email
[INFO] 29-07-2024 19:08:46 [main] [LogUtils] - Performs search through the folder : INBOX
[INFO] 29-07-2024 19:08:46 [main] [LogUtils] - Number of messages found : 2
[INFO] 29-07-2024 19:08:47 [main] [LogUtils] - Disconnecting...
[INFO] 29-07-2024 19:08:48 [main] [LogUtils] - size of list of message: 2
[INFO] 29-07-2024 19:08:48 [main] [LogUtils] - Message Subject : Verification Code Email
[INFO] 29-07-2024 19:08:48 [main] [LogUtils] - Yes found it Message has been found 
[INFO] 29-07-2024 19:08:48 [main] [LogUtils] - Before Refining OTP Code(Gmail Inbox):  767157
[INFO] 29-07-2024 19:08:48 [main] [LogUtils] - After Refining OTP Code(Gmail Inbox): 767157
[INFO] 29-07-2024 19:08:48 [main] [LogUtils] - Scroll to element By.xpath: //input[@name="verification_code"]
[INFO] 29-07-2024 19:08:48 [main] [LogUtils] - Verify element visible By.xpath: //input[@name="verification_code"]
[INFO] 29-07-2024 19:08:48 [main] [LogUtils] - Set text 767157 on By.xpath: //input[@name="verification_code"]
[INFO] 29-07-2024 19:08:48 [main] [LogUtils] - Verify element visible By.xpath: //button[@id="verifyCodeBtn"]
[INFO] 29-07-2024 19:08:48 [main] [LogUtils] - Clicked on the element By.xpath: //button[@id="verifyCodeBtn"]
[INFO] 29-07-2024 19:08:48 [main] [LogUtils] - Test case:  is passed.
[INFO] 29-07-2024 19:08:48 [main] [LogUtils] - End Suite: All Test Cases
[INFO] 29-07-2024 19:13:58 [main] [LogUtils] - Loaded file: D:\Zapta\Automation\Mawad\src/test/resources/config/datatest.properties
[INFO] 29-07-2024 19:13:58 [main] [LogUtils] - Loaded file: D:\Zapta\Automation\Mawad\src/test/resources/config/config.properties
[INFO] 29-07-2024 19:13:58 [main] [LogUtils] - Loaded all properties files.
[INFO] 29-07-2024 19:13:59 [main] [LogUtils] - Starting Suite: All Test Cases
[INFO] 29-07-2024 19:13:59 [main] [LogUtils] - Driver was null
[INFO] 29-07-2024 19:14:02 [main] [LogUtils] - Driver is Just Initialized
[ERROR] 29-07-2024 19:14:02 [main] [LogUtils] - driver value: ChromeDriver: chrome on windows (5b71c33036d5be9ec020413bb27ecfb5)
[INFO] 29-07-2024 19:14:02 [main] [LogUtils] - Loaded file: D:\Zapta\Automation\Mawad\src/test/resources/config/datatest.properties
[INFO] 29-07-2024 19:14:02 [main] [LogUtils] - Loaded file: D:\Zapta\Automation\Mawad\src/test/resources/config/config.properties
[INFO] 29-07-2024 19:14:02 [main] [LogUtils] - Loaded all properties files.
[INFO] 29-07-2024 19:14:02 [main] [LogUtils] - Test case:  is starting...
[INFO] 29-07-2024 19:14:07 [main] [LogUtils] - Javascript in NOT Ready!
[INFO] 29-07-2024 19:14:07 [main] [LogUtils] - Verify element visible By.xpath: //a[text()='Become a Vendor !']
[INFO] 29-07-2024 19:14:09 [main] [LogUtils] - Clicked on the element By.xpath: //a[text()='Become a Vendor !']
[INFO] 29-07-2024 19:14:09 [main] [LogUtils] - Test case:  is passed.
[INFO] 29-07-2024 19:14:09 [main] [LogUtils] - Test case:  is starting...
[INFO] 29-07-2024 19:14:10 [main] [LogUtils] - Javascript in NOT Ready!
[INFO] 29-07-2024 19:14:10 [main] [LogUtils] - Verify element visible By.xpath: //button[text()='Register your eShop']
[INFO] 29-07-2024 19:14:10 [main] [LogUtils] - Clicked on the element By.xpath: //button[text()='Register your eShop']
[INFO] 29-07-2024 19:14:11 [main] [LogUtils] - Verify element visible By.xpath: //button[@type="submit"][text()="OK"]
[INFO] 29-07-2024 19:14:13 [main] [LogUtils] - Clicked on the element By.xpath: //button[@type="submit"][text()="OK"]
[INFO] 29-07-2024 19:14:13 [main] [LogUtils] - Test case:  is passed.
[INFO] 29-07-2024 19:14:13 [main] [LogUtils] - Loaded file: D:\Zapta\Automation\Mawad\src/test/resources/config/datatest.properties
[INFO] 29-07-2024 19:14:13 [main] [LogUtils] - Loaded file: D:\Zapta\Automation\Mawad\src/test/resources/config/config.properties
[INFO] 29-07-2024 19:14:13 [main] [LogUtils] - Loaded all properties files.
[INFO] 29-07-2024 19:14:13 [main] [LogUtils] - Excel Path: D:\Zapta\Automation\Mawad\src/test/resources/testdata/ClientsDataExcel.xlsx
[INFO] 29-07-2024 19:14:14 [main] [LogUtils] - Row: 17 - Column: 10
[INFO] 29-07-2024 19:14:14 [main] [LogUtils] - StartRow: 1 - EndRow: 1
[INFO] 29-07-2024 19:14:14 [main] [LogUtils] - Test case:  is starting...
[INFO] 29-07-2024 19:14:14 [main] [LogUtils] - Verify element visible By.cssSelector: #first_name
[INFO] 29-07-2024 19:14:14 [main] [LogUtils] - Set text John on By.cssSelector: #first_name
[INFO] 29-07-2024 19:14:15 [main] [LogUtils] - Verify element visible By.cssSelector: #last_name
[INFO] 29-07-2024 19:14:15 [main] [LogUtils] - Set text Pual on By.cssSelector: #last_name
[INFO] 29-07-2024 19:14:15 [main] [LogUtils] - Verify element visible By.cssSelector: #email
[INFO] 29-07-2024 19:14:15 [main] [LogUtils] - Set text zubairarain888+148@gmail.com on By.cssSelector: #email
[INFO] 29-07-2024 19:14:15 [main] [LogUtils] - Verify element visible By.cssSelector: #password
[INFO] 29-07-2024 19:14:15 [main] [LogUtils] - Set text Hexso915@AJM on By.cssSelector: #password
[INFO] 29-07-2024 19:14:16 [main] [LogUtils] - Verify element visible By.cssSelector: #password_confirmation
[INFO] 29-07-2024 19:14:16 [main] [LogUtils] - Set text Hexso915@AJM on By.cssSelector: #password_confirmation
[INFO] 29-07-2024 19:14:16 [main] [LogUtils] - Verify element visible By.xpath: //button[text()="Next" and @data-action="register"]
[INFO] 29-07-2024 19:14:17 [main] [LogUtils] - Test case:  is passed.
[INFO] 29-07-2024 19:14:17 [main] [LogUtils] - Test case:  is starting...
[INFO] 29-07-2024 19:14:22 [main] [LogUtils] - Mail send time : Sun Jul 28 19:14:22 PKT 2024
[INFO] 29-07-2024 19:14:22 [main] [LogUtils] - Connects to Message Store
[INFO] 29-07-2024 19:14:24 [main] [LogUtils] - Opens folder : INBOX
[INFO] 29-07-2024 19:14:25 [main] [LogUtils] - Creates search condition for Folder : INBOX. Searching message with Subject line : Verification Code Email
[INFO] 29-07-2024 19:14:25 [main] [LogUtils] - Performs search through the folder : INBOX
[INFO] 29-07-2024 19:14:25 [main] [LogUtils] - Number of messages found : 3
[INFO] 29-07-2024 19:14:27 [main] [LogUtils] - Disconnecting...
[INFO] 29-07-2024 19:14:27 [main] [LogUtils] - size of list of message: 3
[INFO] 29-07-2024 19:14:27 [main] [LogUtils] - Message Subject : Verification Code Email
[INFO] 29-07-2024 19:14:27 [main] [LogUtils] - Yes found it Message has been found 
[INFO] 29-07-2024 19:14:27 [main] [LogUtils] - Before Refining OTP Code(Gmail Inbox):  200440
[INFO] 29-07-2024 19:14:27 [main] [LogUtils] - After Refining OTP Code(Gmail Inbox): 200440
[INFO] 29-07-2024 19:14:28 [main] [LogUtils] - Verify element visible By.xpath: //input[@name="verification_code"]
[INFO] 29-07-2024 19:14:28 [main] [LogUtils] - Set text 200440 on By.xpath: //input[@name="verification_code"]
[INFO] 29-07-2024 19:14:28 [main] [LogUtils] - Verify element visible By.xpath: //button[@id="verifyCodeBtn"]
[INFO] 29-07-2024 19:14:28 [main] [LogUtils] - Clicked on the element By.xpath: //button[@id="verifyCodeBtn"]
[INFO] 29-07-2024 19:14:28 [main] [LogUtils] - Test case:  is passed.
[INFO] 29-07-2024 19:14:28 [main] [LogUtils] - End Suite: All Test Cases
