[INFO] 28-06-2024 12:02:28 [main] [LogUtils] - Loaded file: D:\Zapta\Automation\Mawad\src/test/resources/config/datatest.properties
[INFO] 28-06-2024 12:02:28 [main] [LogUtils] - Loaded file: D:\Zapta\Automation\Mawad\src/test/resources/config/config.properties
[INFO] 28-06-2024 12:02:28 [main] [LogUtils] - Loaded all properties files.
[INFO] 28-06-2024 12:02:28 [main] [LogUtils] - Starting Suite: All Test Cases
[INFO] 28-06-2024 12:02:29 [main] [LogUtils] - Driver was null
[INFO] 28-06-2024 12:02:33 [main] [LogUtils] - Driver is Just Initialized
[ERROR] 28-06-2024 12:02:33 [main] [LogUtils] - driver value: ChromeDriver: chrome on windows (2b1591f7fff65cac3546eaefd315863f)
[INFO] 28-06-2024 12:02:33 [main] [LogUtils] - Loaded file: D:\Zapta\Automation\Mawad\src/test/resources/config/datatest.properties
[INFO] 28-06-2024 12:02:33 [main] [LogUtils] - Loaded file: D:\Zapta\Automation\Mawad\src/test/resources/config/config.properties
[INFO] 28-06-2024 12:02:33 [main] [LogUtils] - Loaded all properties files.
[INFO] 28-06-2024 12:02:33 [main] [LogUtils] - Test case:  is starting...
[INFO] 28-06-2024 12:02:41 [main] [LogUtils] - Verify element visible By.xpath: //a[text()='Login to Vendor']
[INFO] 28-06-2024 12:02:44 [main] [LogUtils] - Clicked on the element By.xpath: //a[text()='Login to Vendor']
[INFO] 28-06-2024 12:02:44 [main] [LogUtils] - Test case:  is passed.
[INFO] 28-06-2024 12:02:44 [main] [LogUtils] - Loaded file: D:\Zapta\Automation\Mawad\src/test/resources/config/datatest.properties
[INFO] 28-06-2024 12:02:44 [main] [LogUtils] - Loaded file: D:\Zapta\Automation\Mawad\src/test/resources/config/config.properties
[INFO] 28-06-2024 12:02:44 [main] [LogUtils] - Loaded all properties files.
[INFO] 28-06-2024 12:02:44 [main] [LogUtils] - Excel Path: D:\Zapta\Automation\Mawad\src/test/resources/testdata/ClientsDataExcel.xlsx
[INFO] 28-06-2024 12:02:46 [main] [LogUtils] - Row: 19 - Column: 8
[INFO] 28-06-2024 12:02:46 [main] [LogUtils] - StartRow: 1 - EndRow: 7
[INFO] 28-06-2024 12:02:46 [main] [LogUtils] - Test case:  is starting...
[INFO] 28-06-2024 12:02:47 [main] [LogUtils] - Verify element visible By.cssSelector: #email
[INFO] 28-06-2024 12:02:47 [main] [LogUtils] - Verify element visible By.cssSelector: #email
[INFO] 28-06-2024 12:02:47 [main] [LogUtils] - Clear value in textbox By.cssSelector: #email
[INFO] 28-06-2024 12:02:47 [main] [LogUtils] - Verify element visible By.cssSelector: #password
[INFO] 28-06-2024 12:02:47 [main] [LogUtils] - Clear value in textbox By.cssSelector: #password
[INFO] 28-06-2024 12:02:48 [main] [LogUtils] - Verify element visible By.cssSelector: #email
[INFO] 28-06-2024 12:02:48 [main] [LogUtils] - Set text  on By.cssSelector: #email
[INFO] 28-06-2024 12:02:48 [main] [LogUtils] - Verify element visible By.cssSelector: #password
[INFO] 28-06-2024 12:02:48 [main] [LogUtils] - Set text Qwerty003! on By.cssSelector: #password
[INFO] 28-06-2024 12:02:48 [main] [LogUtils] - Verify element visible By.xpath: //span[text()="Login"]
[INFO] 28-06-2024 12:02:49 [main] [LogUtils] - Clicked on the element By.xpath: //span[text()="Login"]
[INFO] 28-06-2024 12:02:49 [main] [LogUtils] - Verify element visible By.cssSelector: #error_message
[INFO] 28-06-2024 12:02:49 [main] [LogUtils] - Test case:  is passed.
[INFO] 28-06-2024 12:02:49 [main] [LogUtils] - Test case:  is starting...
[INFO] 28-06-2024 12:02:50 [main] [LogUtils] - Verify element visible By.cssSelector: #email
[INFO] 28-06-2024 12:02:50 [main] [LogUtils] - Verify element visible By.cssSelector: #email
[INFO] 28-06-2024 12:02:50 [main] [LogUtils] - Clear value in textbox By.cssSelector: #email
[INFO] 28-06-2024 12:02:50 [main] [LogUtils] - Verify element visible By.cssSelector: #password
[INFO] 28-06-2024 12:02:50 [main] [LogUtils] - Clear value in textbox By.cssSelector: #password
[INFO] 28-06-2024 12:02:50 [main] [LogUtils] - Verify element visible By.cssSelector: #email
[INFO] 28-06-2024 12:02:50 [main] [LogUtils] - Set text ubelibervalent1990w on By.cssSelector: #email
[INFO] 28-06-2024 12:02:51 [main] [LogUtils] - Verify element visible By.cssSelector: #password
[INFO] 28-06-2024 12:02:51 [main] [LogUtils] - Set text  on By.cssSelector: #password
[INFO] 28-06-2024 12:02:51 [main] [LogUtils] - Verify element visible By.xpath: //span[text()="Login"]
[INFO] 28-06-2024 12:02:51 [main] [LogUtils] - Clicked on the element By.xpath: //span[text()="Login"]
[INFO] 28-06-2024 12:02:51 [main] [LogUtils] - Verify element visible By.cssSelector: #error_message
[INFO] 28-06-2024 12:02:51 [main] [LogUtils] - Test case:  is passed.
[INFO] 28-06-2024 12:02:51 [main] [LogUtils] - Test case:  is starting...
[INFO] 28-06-2024 12:02:51 [main] [LogUtils] - Verify element visible By.cssSelector: #email
[INFO] 28-06-2024 12:02:52 [main] [LogUtils] - Verify element visible By.cssSelector: #email
[INFO] 28-06-2024 12:02:52 [main] [LogUtils] - Clear value in textbox By.cssSelector: #email
[INFO] 28-06-2024 12:02:52 [main] [LogUtils] - Verify element visible By.cssSelector: #password
[INFO] 28-06-2024 12:02:52 [main] [LogUtils] - Clear value in textbox By.cssSelector: #password
[INFO] 28-06-2024 12:02:52 [main] [LogUtils] - Verify element visible By.cssSelector: #email
[INFO] 28-06-2024 12:02:53 [main] [LogUtils] - Set text  on By.cssSelector: #email
[INFO] 28-06-2024 12:02:53 [main] [LogUtils] - Verify element visible By.cssSelector: #password
[INFO] 28-06-2024 12:02:53 [main] [LogUtils] - Set text  on By.cssSelector: #password
[INFO] 28-06-2024 12:02:53 [main] [LogUtils] - Verify element visible By.xpath: //span[text()="Login"]
[INFO] 28-06-2024 12:02:53 [main] [LogUtils] - Clicked on the element By.xpath: //span[text()="Login"]
[INFO] 28-06-2024 12:02:54 [main] [LogUtils] - Verify element visible By.cssSelector: #error_message
[INFO] 28-06-2024 12:02:54 [main] [LogUtils] - Test case:  is passed.
[INFO] 28-06-2024 12:02:54 [main] [LogUtils] - Test case:  is starting...
[INFO] 28-06-2024 12:02:54 [main] [LogUtils] - Verify element visible By.cssSelector: #email
[INFO] 28-06-2024 12:02:54 [main] [LogUtils] - Verify element visible By.cssSelector: #email
[INFO] 28-06-2024 12:02:55 [main] [LogUtils] - Clear value in textbox By.cssSelector: #email
[INFO] 28-06-2024 12:02:55 [main] [LogUtils] - Verify element visible By.cssSelector: #password
[INFO] 28-06-2024 12:02:55 [main] [LogUtils] - Clear value in textbox By.cssSelector: #password
[INFO] 28-06-2024 12:02:55 [main] [LogUtils] - Verify element visible By.cssSelector: #email
[INFO] 28-06-2024 12:02:55 [main] [LogUtils] - Set text client@demo.com on By.cssSelector: #email
[INFO] 28-06-2024 12:02:55 [main] [LogUtils] - Verify element visible By.cssSelector: #password
[INFO] 28-06-2024 12:02:56 [main] [LogUtils] - Set text dw5AQDhu9+WsEsWisMJISA== on By.cssSelector: #password
[INFO] 28-06-2024 12:02:56 [main] [LogUtils] - Verify element visible By.xpath: //span[text()="Login"]
[INFO] 28-06-2024 12:02:57 [main] [LogUtils] - Clicked on the element By.xpath: //span[text()="Login"]
[INFO] 28-06-2024 12:03:00 [main] [LogUtils] - Verify element visible By.xpath: //strong[text()="These credentials do not match our records."]
[INFO] 28-06-2024 12:03:00 [main] [LogUtils] - Test case:  is passed.
[INFO] 28-06-2024 12:03:00 [main] [LogUtils] - Test case:  is starting...
[INFO] 28-06-2024 12:03:01 [main] [LogUtils] - Verify element visible By.cssSelector: #email
[INFO] 28-06-2024 12:03:01 [main] [LogUtils] - Verify element visible By.cssSelector: #email
[INFO] 28-06-2024 12:03:01 [main] [LogUtils] - Clear value in textbox By.cssSelector: #email
[INFO] 28-06-2024 12:03:01 [main] [LogUtils] - Verify element visible By.cssSelector: #password
[INFO] 28-06-2024 12:03:01 [main] [LogUtils] - Clear value in textbox By.cssSelector: #password
[INFO] 28-06-2024 12:03:02 [main] [LogUtils] - Verify element visible By.cssSelector: #email
[INFO] 28-06-2024 12:03:02 [main] [LogUtils] - Set text ubelibervalent1990w on By.cssSelector: #email
[INFO] 28-06-2024 12:03:02 [main] [LogUtils] - Verify element visible By.cssSelector: #password
[INFO] 28-06-2024 12:03:02 [main] [LogUtils] - Set text d4af5a4dafd4 on By.cssSelector: #password
[INFO] 28-06-2024 12:03:02 [main] [LogUtils] - Verify element visible By.xpath: //span[text()="Login"]
[INFO] 28-06-2024 12:03:02 [main] [LogUtils] - Clicked on the element By.xpath: //span[text()="Login"]
[INFO] 28-06-2024 12:03:02 [main] [LogUtils] - Verify element visible By.xpath: //strong[text()="These credentials do not match our records."]
[INFO] 28-06-2024 12:03:03 [main] [LogUtils] - Test case:  is passed.
[INFO] 28-06-2024 12:03:03 [main] [LogUtils] - Test case:  is starting...
[INFO] 28-06-2024 12:03:03 [main] [LogUtils] - Verify element visible By.cssSelector: #email
[INFO] 28-06-2024 12:03:03 [main] [LogUtils] - Verify element visible By.cssSelector: #email
[INFO] 28-06-2024 12:03:03 [main] [LogUtils] - Clear value in textbox By.cssSelector: #email
[INFO] 28-06-2024 12:03:03 [main] [LogUtils] - Verify element visible By.cssSelector: #password
[INFO] 28-06-2024 12:03:03 [main] [LogUtils] - Clear value in textbox By.cssSelector: #password
[INFO] 28-06-2024 12:03:05 [main] [LogUtils] - Javascript in NOT Ready!
[INFO] 28-06-2024 12:03:06 [main] [LogUtils] - Scroll to element By.cssSelector: #email
[INFO] 28-06-2024 12:03:17 [main] [LogUtils] - Set text worngeusername on By.cssSelector: #email
[INFO] 28-06-2024 12:03:17 [main] [LogUtils] - Verify element visible By.cssSelector: #password
[INFO] 28-06-2024 12:03:18 [main] [LogUtils] - Set text Qwerty003! on By.cssSelector: #password
[INFO] 28-06-2024 12:03:18 [main] [LogUtils] - Verify element visible By.xpath: //span[text()="Login"]
[INFO] 28-06-2024 12:03:18 [main] [LogUtils] - Clicked on the element By.xpath: //span[text()="Login"]
[ERROR] 28-06-2024 12:03:28 [main] [LogUtils] - Element not exist. By.xpath: //strong[text()="These credentials do not match our records."]
[WARN] 28-06-2024 12:03:28 [main] [LogUtils] - Test case:  is skipped.
[INFO] 28-06-2024 12:03:39 [main] [LogUtils] - Driver for Screenshot: ChromeDriver: chrome on windows (2b1591f7fff65cac3546eaefd315863f)
[INFO] 28-06-2024 12:03:39 [main] [LogUtils] - Screenshot taken: vendorSignInDataDriven
[INFO] 28-06-2024 12:03:39 [main] [LogUtils] - Screenshot taken current URL: https://mawad.ae/vendor/login
[ERROR] 28-06-2024 12:03:39 [main] [LogUtils] - FAILED !! Screenshot for test case: vendorSignInDataDriven
[ERROR] 28-06-2024 12:03:39 [main] [LogUtils] - java.lang.AssertionError: Element not exist. By.xpath: //strong[text()="These credentials do not match our records."]
[INFO] 28-06-2024 12:03:39 [main] [LogUtils] - Test case:  is starting...
[INFO] 28-06-2024 12:03:39 [main] [LogUtils] - Verify element visible By.cssSelector: #email
[INFO] 28-06-2024 12:03:39 [main] [LogUtils] - Verify element visible By.cssSelector: #email
[INFO] 28-06-2024 12:03:40 [main] [LogUtils] - Clear value in textbox By.cssSelector: #email
[INFO] 28-06-2024 12:03:40 [main] [LogUtils] - Verify element visible By.cssSelector: #password
[INFO] 28-06-2024 12:03:40 [main] [LogUtils] - Clear value in textbox By.cssSelector: #password
[INFO] 28-06-2024 12:03:40 [main] [LogUtils] - Verify element visible By.cssSelector: #email
[INFO] 28-06-2024 12:03:40 [main] [LogUtils] - Set text worngeusername on By.cssSelector: #email
[INFO] 28-06-2024 12:03:40 [main] [LogUtils] - Verify element visible By.cssSelector: #password
[INFO] 28-06-2024 12:03:40 [main] [LogUtils] - Set text Qwerty003! on By.cssSelector: #password
[INFO] 28-06-2024 12:03:40 [main] [LogUtils] - Verify element visible By.xpath: //span[text()="Login"]
[INFO] 28-06-2024 12:03:41 [main] [LogUtils] - Clicked on the element By.xpath: //span[text()="Login"]
[ERROR] 28-06-2024 12:03:51 [main] [LogUtils] - Element not exist. By.xpath: //strong[text()="These credentials do not match our records."]
[ERROR] 28-06-2024 12:03:51 [main] [LogUtils] - Test case:  is failed.
[INFO] 28-06-2024 12:03:51 [main] [LogUtils] - Driver for Screenshot: ChromeDriver: chrome on windows (2b1591f7fff65cac3546eaefd315863f)
[INFO] 28-06-2024 12:03:51 [main] [LogUtils] - Screenshot taken: vendorSignInDataDriven
[INFO] 28-06-2024 12:03:51 [main] [LogUtils] - Screenshot taken current URL: https://mawad.ae/vendor/login
[ERROR] 28-06-2024 12:04:01 [main] [LogUtils] - FAILED !! Screenshot for test case: vendorSignInDataDriven
[ERROR] 28-06-2024 12:04:01 [main] [LogUtils] - java.lang.AssertionError: Element not exist. By.xpath: //strong[text()="These credentials do not match our records."]
[INFO] 28-06-2024 12:04:02 [main] [LogUtils] - Test case:  is starting...
[INFO] 28-06-2024 12:04:02 [main] [LogUtils] - Verify element visible By.cssSelector: #email
[INFO] 28-06-2024 12:04:02 [main] [LogUtils] - Verify element visible By.cssSelector: #email
[INFO] 28-06-2024 12:04:02 [main] [LogUtils] - Clear value in textbox By.cssSelector: #email
[INFO] 28-06-2024 12:04:02 [main] [LogUtils] - Verify element visible By.cssSelector: #password
[INFO] 28-06-2024 12:04:02 [main] [LogUtils] - Clear value in textbox By.cssSelector: #password
[INFO] 28-06-2024 12:04:02 [main] [LogUtils] - Verify element visible By.cssSelector: #email
[INFO] 28-06-2024 12:04:03 [main] [LogUtils] - Set text zubairulamin@YOPmail.com on By.cssSelector: #email
[INFO] 28-06-2024 12:04:03 [main] [LogUtils] - Verify element visible By.cssSelector: #password
[INFO] 28-06-2024 12:04:03 [main] [LogUtils] - Set text Hexso915@AJM on By.cssSelector: #password
[INFO] 28-06-2024 12:04:03 [main] [LogUtils] - Verify element visible By.xpath: //span[text()="Login"]
[INFO] 28-06-2024 12:04:03 [main] [LogUtils] - Clicked on the element By.xpath: //span[text()="Login"]
[INFO] 28-06-2024 12:04:08 [main] [LogUtils] - Verify element visible By.xpath: //h1[text()="Dashboard"]
[INFO] 28-06-2024 12:04:08 [main] [LogUtils] - Test case:  is passed.
[INFO] 28-06-2024 12:04:12 [main] [LogUtils] - End Suite: All Test Cases
