[INFO] 01-07-2024 19:29:17 [main] [LogUtils] - Loaded file: D:\Zapta\Automation\Mawad\src/test/resources/config/datatest.properties
[INFO] 01-07-2024 19:29:17 [main] [LogUtils] - Loaded file: D:\Zapta\Automation\Mawad\src/test/resources/config/config.properties
[INFO] 01-07-2024 19:29:17 [main] [LogUtils] - Loaded all properties files.
[INFO] 01-07-2024 19:29:17 [main] [LogUtils] - Starting Suite: All Test Cases
[INFO] 01-07-2024 19:29:17 [main] [LogUtils] - Driver was null
[INFO] 01-07-2024 19:29:23 [main] [LogUtils] - Driver is Just Initialized
[ERROR] 01-07-2024 19:29:23 [main] [LogUtils] - driver value: ChromeDriver: chrome on windows (9bf61b3b00fa20b14ab957c1afb5873d)
[INFO] 01-07-2024 19:29:23 [main] [LogUtils] - Loaded file: D:\Zapta\Automation\Mawad\src/test/resources/config/datatest.properties
[INFO] 01-07-2024 19:29:23 [main] [LogUtils] - Loaded file: D:\Zapta\Automation\Mawad\src/test/resources/config/config.properties
[INFO] 01-07-2024 19:29:23 [main] [LogUtils] - Loaded all properties files.
[INFO] 01-07-2024 19:29:23 [main] [LogUtils] - Test case:  is starting...
[INFO] 01-07-2024 19:29:31 [main] [LogUtils] - Verify element visible By.xpath: //a[text()='Login to Vendor']
[INFO] 01-07-2024 19:29:36 [main] [LogUtils] - Clicked on the element By.xpath: //a[text()='Login to Vendor']
[INFO] 01-07-2024 19:29:36 [main] [LogUtils] - Test case:  is passed.
[INFO] 01-07-2024 19:29:36 [main] [LogUtils] - Loaded file: D:\Zapta\Automation\Mawad\src/test/resources/config/datatest.properties
[INFO] 01-07-2024 19:29:36 [main] [LogUtils] - Loaded file: D:\Zapta\Automation\Mawad\src/test/resources/config/config.properties
[INFO] 01-07-2024 19:29:36 [main] [LogUtils] - Loaded all properties files.
[INFO] 01-07-2024 19:29:36 [main] [LogUtils] - Excel Path: D:\Zapta\Automation\Mawad\src/test/resources/testdata/ClientsDataExcel.xlsx
[INFO] 01-07-2024 19:29:38 [main] [LogUtils] - Row: 19 - Column: 8
[INFO] 01-07-2024 19:29:38 [main] [LogUtils] - StartRow: 1 - EndRow: 7
[INFO] 01-07-2024 19:29:38 [main] [LogUtils] - Test case:  is starting...
[INFO] 01-07-2024 19:29:38 [main] [LogUtils] - Verify element visible By.cssSelector: #email
[INFO] 01-07-2024 19:29:38 [main] [LogUtils] - Verify element visible By.cssSelector: #email
[INFO] 01-07-2024 19:29:38 [main] [LogUtils] - Clear value in textbox By.cssSelector: #email
[INFO] 01-07-2024 19:29:38 [main] [LogUtils] - Verify element visible By.cssSelector: #password
[INFO] 01-07-2024 19:29:38 [main] [LogUtils] - Clear value in textbox By.cssSelector: #password
[INFO] 01-07-2024 19:29:38 [main] [LogUtils] - Verify element visible By.cssSelector: #email
[INFO] 01-07-2024 19:29:38 [main] [LogUtils] - Set text  on By.cssSelector: #email
[INFO] 01-07-2024 19:29:38 [main] [LogUtils] - Verify element visible By.cssSelector: #password
[INFO] 01-07-2024 19:29:39 [main] [LogUtils] - Set text Qwerty003! on By.cssSelector: #password
[INFO] 01-07-2024 19:29:39 [main] [LogUtils] - Verify element visible By.xpath: //span[text()="Login"]
[INFO] 01-07-2024 19:29:39 [main] [LogUtils] - Clicked on the element By.xpath: //span[text()="Login"]
[INFO] 01-07-2024 19:29:40 [main] [LogUtils] - Verify element visible By.cssSelector: #error_message
[INFO] 01-07-2024 19:29:40 [main] [LogUtils] - Test case:  is passed.
[INFO] 01-07-2024 19:29:40 [main] [LogUtils] - Test case:  is starting...
[INFO] 01-07-2024 19:29:40 [main] [LogUtils] - Verify element visible By.cssSelector: #email
[INFO] 01-07-2024 19:29:40 [main] [LogUtils] - Verify element visible By.cssSelector: #email
[INFO] 01-07-2024 19:29:40 [main] [LogUtils] - Clear value in textbox By.cssSelector: #email
[INFO] 01-07-2024 19:29:40 [main] [LogUtils] - Verify element visible By.cssSelector: #password
[INFO] 01-07-2024 19:29:40 [main] [LogUtils] - Clear value in textbox By.cssSelector: #password
[INFO] 01-07-2024 19:29:40 [main] [LogUtils] - Verify element visible By.cssSelector: #email
[INFO] 01-07-2024 19:29:41 [main] [LogUtils] - Set text ubelibervalent1990w on By.cssSelector: #email
[INFO] 01-07-2024 19:29:41 [main] [LogUtils] - Verify element visible By.cssSelector: #password
[INFO] 01-07-2024 19:29:41 [main] [LogUtils] - Set text  on By.cssSelector: #password
[INFO] 01-07-2024 19:29:41 [main] [LogUtils] - Verify element visible By.xpath: //span[text()="Login"]
[INFO] 01-07-2024 19:29:41 [main] [LogUtils] - Clicked on the element By.xpath: //span[text()="Login"]
[INFO] 01-07-2024 19:29:41 [main] [LogUtils] - Verify element visible By.cssSelector: #error_message
[INFO] 01-07-2024 19:29:41 [main] [LogUtils] - Test case:  is passed.
[INFO] 01-07-2024 19:29:41 [main] [LogUtils] - Test case:  is starting...
[INFO] 01-07-2024 19:29:41 [main] [LogUtils] - Verify element visible By.cssSelector: #email
[INFO] 01-07-2024 19:29:42 [main] [LogUtils] - Verify element visible By.cssSelector: #email
[INFO] 01-07-2024 19:29:42 [main] [LogUtils] - Clear value in textbox By.cssSelector: #email
[INFO] 01-07-2024 19:29:42 [main] [LogUtils] - Verify element visible By.cssSelector: #password
[INFO] 01-07-2024 19:29:42 [main] [LogUtils] - Clear value in textbox By.cssSelector: #password
[INFO] 01-07-2024 19:29:42 [main] [LogUtils] - Verify element visible By.cssSelector: #email
[INFO] 01-07-2024 19:29:42 [main] [LogUtils] - Set text  on By.cssSelector: #email
[INFO] 01-07-2024 19:29:42 [main] [LogUtils] - Verify element visible By.cssSelector: #password
[INFO] 01-07-2024 19:29:43 [main] [LogUtils] - Set text  on By.cssSelector: #password
[INFO] 01-07-2024 19:29:43 [main] [LogUtils] - Verify element visible By.xpath: //span[text()="Login"]
[INFO] 01-07-2024 19:29:43 [main] [LogUtils] - Clicked on the element By.xpath: //span[text()="Login"]
[INFO] 01-07-2024 19:29:43 [main] [LogUtils] - Verify element visible By.cssSelector: #error_message
[INFO] 01-07-2024 19:29:43 [main] [LogUtils] - Test case:  is passed.
[INFO] 01-07-2024 19:29:43 [main] [LogUtils] - Test case:  is starting...
[INFO] 01-07-2024 19:29:43 [main] [LogUtils] - Verify element visible By.cssSelector: #email
[INFO] 01-07-2024 19:29:43 [main] [LogUtils] - Verify element visible By.cssSelector: #email
[INFO] 01-07-2024 19:29:43 [main] [LogUtils] - Clear value in textbox By.cssSelector: #email
[INFO] 01-07-2024 19:29:44 [main] [LogUtils] - Verify element visible By.cssSelector: #password
[INFO] 01-07-2024 19:29:44 [main] [LogUtils] - Clear value in textbox By.cssSelector: #password
[INFO] 01-07-2024 19:29:44 [main] [LogUtils] - Verify element visible By.cssSelector: #email
[INFO] 01-07-2024 19:29:44 [main] [LogUtils] - Set text client@demo.com on By.cssSelector: #email
[INFO] 01-07-2024 19:29:44 [main] [LogUtils] - Verify element visible By.cssSelector: #password
[INFO] 01-07-2024 19:29:45 [main] [LogUtils] - Set text dw5AQDhu9+WsEsWisMJISA== on By.cssSelector: #password
[INFO] 01-07-2024 19:29:45 [main] [LogUtils] - Verify element visible By.xpath: //span[text()="Login"]
[INFO] 01-07-2024 19:29:45 [main] [LogUtils] - Clicked on the element By.xpath: //span[text()="Login"]
[INFO] 01-07-2024 19:29:48 [main] [LogUtils] - Verify element visible By.xpath: //strong[text()="These credentials do not match our records."]
[INFO] 01-07-2024 19:29:48 [main] [LogUtils] - Test case:  is passed.
[INFO] 01-07-2024 19:29:48 [main] [LogUtils] - Test case:  is starting...
[INFO] 01-07-2024 19:29:49 [main] [LogUtils] - Verify element visible By.cssSelector: #email
[INFO] 01-07-2024 19:29:49 [main] [LogUtils] - Verify element visible By.cssSelector: #email
[INFO] 01-07-2024 19:29:49 [main] [LogUtils] - Clear value in textbox By.cssSelector: #email
[INFO] 01-07-2024 19:29:49 [main] [LogUtils] - Verify element visible By.cssSelector: #password
[INFO] 01-07-2024 19:29:49 [main] [LogUtils] - Clear value in textbox By.cssSelector: #password
[INFO] 01-07-2024 19:29:49 [main] [LogUtils] - Verify element visible By.cssSelector: #email
[INFO] 01-07-2024 19:29:50 [main] [LogUtils] - Set text ubelibervalent1990w on By.cssSelector: #email
[INFO] 01-07-2024 19:29:50 [main] [LogUtils] - Verify element visible By.cssSelector: #password
[INFO] 01-07-2024 19:29:50 [main] [LogUtils] - Set text d4af5a4dafd4 on By.cssSelector: #password
[INFO] 01-07-2024 19:29:50 [main] [LogUtils] - Verify element visible By.xpath: //span[text()="Login"]
[INFO] 01-07-2024 19:29:51 [main] [LogUtils] - Clicked on the element By.xpath: //span[text()="Login"]
[INFO] 01-07-2024 19:29:51 [main] [LogUtils] - Verify element visible By.xpath: //strong[text()="These credentials do not match our records."]
[INFO] 01-07-2024 19:29:51 [main] [LogUtils] - Test case:  is passed.
[INFO] 01-07-2024 19:29:51 [main] [LogUtils] - Test case:  is starting...
[INFO] 01-07-2024 19:29:51 [main] [LogUtils] - Verify element visible By.cssSelector: #email
[INFO] 01-07-2024 19:29:51 [main] [LogUtils] - Verify element visible By.cssSelector: #email
[WARN] 01-07-2024 19:29:53 [main] [LogUtils] - Test case:  is skipped.
[INFO] 01-07-2024 19:30:04 [main] [LogUtils] - Driver for Screenshot: ChromeDriver: chrome on windows (9bf61b3b00fa20b14ab957c1afb5873d)
[INFO] 01-07-2024 19:30:04 [main] [LogUtils] - Screenshot taken: vendorSignInDataDriven
[INFO] 01-07-2024 19:30:04 [main] [LogUtils] - Screenshot taken current URL: https://mawad.ae/vendor/login
[ERROR] 01-07-2024 19:30:04 [main] [LogUtils] - FAILED !! Screenshot for test case: vendorSignInDataDriven
[ERROR] 01-07-2024 19:30:04 [main] [LogUtils] - org.openqa.selenium.StaleElementReferenceException: stale element reference: stale element not found
  (Session info: chrome=126.0.6478.127)
For documentation on this error, please visit: https://www.selenium.dev/documentation/webdriver/troubleshooting/errors#stale-element-reference-exception
Build info: version: '4.22.0', revision: 'c5f3146703*'
System info: os.name: 'Windows 11', os.arch: 'amd64', os.version: '10.0', java.version: '20.0.1'
Driver info: org.openqa.selenium.chrome.ChromeDriver
Command: [9bf61b3b00fa20b14ab957c1afb5873d, clearElement {id=f.3DE25D3CD73BAC5CF1BC6212076E29CC.d.740E17739C95B7715FD4A202F380D814.e.96}]
Capabilities {acceptInsecureCerts: false, browserName: chrome, browserVersion: 126.0.6478.127, chrome: {chromedriverVersion: 126.0.6478.126 (d36ace6122e..., userDataDir: C:\Users\ZuBi\AppData\Local...}, fedcm:accounts: true, goog:chromeOptions: {debuggerAddress: localhost:59271}, networkConnectionEnabled: false, pageLoadStrategy: normal, platformName: windows, proxy: Proxy(), se:cdp: ws://localhost:59271/devtoo..., se:cdpVersion: 126.0.6478.127, setWindowRect: true, strictFileInteractability: false, timeouts: {implicit: 0, pageLoad: 300000, script: 30000}, unhandledPromptBehavior: dismiss and notify, webauthn:extension:credBlob: true, webauthn:extension:largeBlob: true, webauthn:extension:minPinLength: true, webauthn:extension:prf: true, webauthn:virtualAuthenticators: true}
Element: [[ChromeDriver: chrome on windows (9bf61b3b00fa20b14ab957c1afb5873d)] -> css selector: #email]
Session ID: 9bf61b3b00fa20b14ab957c1afb5873d
[INFO] 01-07-2024 19:30:04 [main] [LogUtils] - Test case:  is starting...
[INFO] 01-07-2024 19:30:04 [main] [LogUtils] - Verify element visible By.cssSelector: #email
[INFO] 01-07-2024 19:30:04 [main] [LogUtils] - Verify element visible By.cssSelector: #email
[INFO] 01-07-2024 19:30:05 [main] [LogUtils] - Clear value in textbox By.cssSelector: #email
[INFO] 01-07-2024 19:30:05 [main] [LogUtils] - Verify element visible By.cssSelector: #password
[INFO] 01-07-2024 19:30:05 [main] [LogUtils] - Clear value in textbox By.cssSelector: #password
[INFO] 01-07-2024 19:30:05 [main] [LogUtils] - Verify element visible By.cssSelector: #email
[INFO] 01-07-2024 19:30:05 [main] [LogUtils] - Set text worngeusername on By.cssSelector: #email
[INFO] 01-07-2024 19:30:05 [main] [LogUtils] - Verify element visible By.cssSelector: #password
[INFO] 01-07-2024 19:30:05 [main] [LogUtils] - Set text Qwerty003! on By.cssSelector: #password
[INFO] 01-07-2024 19:30:05 [main] [LogUtils] - Verify element visible By.xpath: //span[text()="Login"]
[INFO] 01-07-2024 19:30:05 [main] [LogUtils] - Clicked on the element By.xpath: //span[text()="Login"]
[ERROR] 01-07-2024 19:30:16 [main] [LogUtils] - Element not exist. By.xpath: //strong[text()="These credentials do not match our records."]
[ERROR] 01-07-2024 19:30:16 [main] [LogUtils] - Test case:  is failed.
[INFO] 01-07-2024 19:30:16 [main] [LogUtils] - Driver for Screenshot: ChromeDriver: chrome on windows (9bf61b3b00fa20b14ab957c1afb5873d)
[INFO] 01-07-2024 19:30:16 [main] [LogUtils] - Screenshot taken: vendorSignInDataDriven
[INFO] 01-07-2024 19:30:16 [main] [LogUtils] - Screenshot taken current URL: https://mawad.ae/vendor/login
[ERROR] 01-07-2024 19:30:26 [main] [LogUtils] - FAILED !! Screenshot for test case: vendorSignInDataDriven
[ERROR] 01-07-2024 19:30:26 [main] [LogUtils] - java.lang.AssertionError: Element not exist. By.xpath: //strong[text()="These credentials do not match our records."]
[INFO] 01-07-2024 19:30:26 [main] [LogUtils] - Test case:  is starting...
[INFO] 01-07-2024 19:30:26 [main] [LogUtils] - Verify element visible By.cssSelector: #email
[INFO] 01-07-2024 19:30:26 [main] [LogUtils] - Verify element visible By.cssSelector: #email
[INFO] 01-07-2024 19:30:26 [main] [LogUtils] - Clear value in textbox By.cssSelector: #email
[INFO] 01-07-2024 19:30:27 [main] [LogUtils] - Verify element visible By.cssSelector: #password
[INFO] 01-07-2024 19:30:27 [main] [LogUtils] - Clear value in textbox By.cssSelector: #password
[INFO] 01-07-2024 19:30:27 [main] [LogUtils] - Verify element visible By.cssSelector: #email
[INFO] 01-07-2024 19:30:27 [main] [LogUtils] - Set text zubairulamin@YOPmail.com on By.cssSelector: #email
[INFO] 01-07-2024 19:30:27 [main] [LogUtils] - Verify element visible By.cssSelector: #password
[INFO] 01-07-2024 19:30:27 [main] [LogUtils] - Set text Hexso915@AJM on By.cssSelector: #password
[INFO] 01-07-2024 19:30:27 [main] [LogUtils] - Verify element visible By.xpath: //span[text()="Login"]
[INFO] 01-07-2024 19:30:27 [main] [LogUtils] - Clicked on the element By.xpath: //span[text()="Login"]
[INFO] 01-07-2024 19:30:32 [main] [LogUtils] - Verify element visible By.xpath: //h1[text()="Dashboard"]
[INFO] 01-07-2024 19:30:32 [main] [LogUtils] - Test case:  is passed.
[INFO] 01-07-2024 19:30:35 [main] [LogUtils] - End Suite: All Test Cases
